Loading required package: foreach
Loading required package: iterators
Loading required package: snow
Loading required package: lattice
===================================================================================
================================ START HEADER =====================================
===================================================================================
Function call:
Rscript run_nsef.r -c cubfits -s 0.5 1 2 4 -f ../prestonYeast/S.cerevisiae.S288c.fasta -p ../prestonYeast/pyeast.phi.tsv -o ../results/prestonyeast/ -n prestonyeastwithoutPhi -i wxobs_pinit.csv

MCMC parameters:
Number of samples between checks: 750 
Min samples: 750 
Max samples: 750 
Reset QR until: 0 samples
Thining: store every 5 iteration as sample
Swap 0 % of b matrix
Swap b matrix if L1-norm is < 0 

Simulation parameters
Number of Cores 20 
Number of Chains: 1 
Parallel mode within chain: mclapply 
Samples used: 150 
First 0  AAs removed from sequence
Sequences with less than 0 AAs ignored
List of AAs taken into account:
	C D E F H K M N Q W Y

Convergence criteria
Convergence test: Geweke
Convergence criterium: Z Score < 0.15 
% chain used at the begining: 0.1 
% chain used at the end: 0.5 
Use every 1 sample for convergence test

Called from: top level 
===================================================================================
================================= END HEADER ======================================
===================================================================================


started at: 2015-06-04 14:27:49 
using cubfits 
reading sequences from file ../prestonYeast/S.cerevisiae.S288c.fasta 
reading gene expression measurements (Xobs) from file
 ../prestonYeast/pyeast.phi.tsv 
and compare to ORF list from FASTA file
 ../prestonYeast/S.cerevisiae.S288c.fasta 
generating list of codon position in ORFs for each AA...
generating list of number of AA occurences per ORF...
generating list of codon counts per ORF...
generate initial phi using SCUO with sd(ln(phi)) values
	- 0.5 
running cubfits using cubsinglechain 
	 with seeds: 1845
Running in parallel mode mclapplyp.DrawScale is 0.1- b: rbind(curr.scale, curr.accept)
            [,1] [,2] [,3] [,4] [,5] [,6] [,7] [,8] [,9]
curr.scale  1.00 1.00 1.00 1.00 1.00 1.00 1.00 1.00 1.00
curr.accept 0.27 0.26 0.48 0.29 0.33 0.38 0.38 0.45 0.32
- b: rbind(curr.scale, curr.accept)
            [,1] [,2] [,3] [,4] [,5] [,6] [,7] [,8] [,9]
curr.scale  1.00 1.00 1.20 1.00 1.20 1.20 1.20 1.20 1.20
curr.accept 0.37 0.26 0.29 0.45 0.31 0.38 0.44 0.46 0.34
- b: rbind(curr.scale, curr.accept)
            [,1] [,2] [,3] [,4] [,5] [,6] [,7] [,8] [,9]
curr.scale   1.2 1.00 1.20 1.20 1.44 1.44 1.44 1.44 1.44
curr.accept  0.4 0.42 0.38 0.36 0.26 0.37 0.45 0.44 0.35
- var.name: b
    scale bound reached #: lower = 0, upper = 0
    ill acceptance #: none = 0, all = 0
    acceptance NOT in range #: lower = 0, upper = 8, total = 8
- var.name: p
    scale bound reached #: lower = 0, upper = 0
    ill acceptance #: none = 0, all = 0
    acceptance NOT in range #: lower = 1, upper = 0, total = 1
- var.name: phi
    scale bound reached #: lower = 0, upper = 0
    ill acceptance #: none = 0, all = 0
    acceptance NOT in range #: lower = 82, upper = 5131, total = 5213
- b: rbind(curr.scale, curr.accept)
            [,1] [,2] [,3] [,4] [,5]  [,6]  [,7]  [,8]  [,9]
curr.scale  1.44 1.20 1.44 1.44 1.44 1.728 1.728 1.728 1.728
curr.accept 0.33 0.45 0.50 0.39 0.32 0.400 0.370 0.420 0.350
- var.name: b
    scale bound reached #: lower = 0, upper = 0
    ill acceptance #: none = 0, all = 0
    acceptance NOT in range #: lower = 0, upper = 9, total = 9
- var.name: p
    scale bound reached #: lower = 0, upper = 0
    ill acceptance #: none = 0, all = 0
    acceptance NOT in range #: lower = 1, upper = 1, total = 2
- var.name: phi
    scale bound reached #: lower = 0, upper = 0
    ill acceptance #: none = 0, all = 0
    acceptance NOT in range #: lower = 86, upper = 5030, total = 5116
- b: rbind(curr.scale, curr.accept)
             [,1] [,2]  [,3]  [,4]  [,5]   [,6]   [,7]   [,8]   [,9]
curr.scale  1.728 1.44 1.728 1.728 1.728 2.0736 2.0736 2.0736 2.0736
curr.accept 0.370 0.35 0.390 0.430 0.380 0.2600 0.2800 0.3700 0.2800
- var.name: b
    scale bound reached #: lower = 0, upper = 0
    ill acceptance #: none = 0, all = 0
    acceptance NOT in range #: lower = 0, upper = 6, total = 6
- var.name: p
    scale bound reached #: lower = 0, upper = 0
    ill acceptance #: none = 0, all = 0
    acceptance NOT in range #: lower = 1, upper = 0, total = 1
- var.name: phi
    scale bound reached #: lower = 0, upper = 0
    ill acceptance #: none = 0, all = 0
    acceptance NOT in range #: lower = 104, upper = 4941, total = 5045
- b: rbind(curr.scale, curr.accept)
              [,1]  [,2]   [,3]   [,4]   [,5]   [,6]   [,7]    [,8]   [,9]
curr.scale  2.0736 1.728 2.0736 2.0736 2.0736 2.0736 2.0736 2.48832 2.0736
curr.accept 0.3500 0.360 0.2900 0.3000 0.3200 0.3100 0.2700 0.23000 0.3200
- var.name: b
    scale bound reached #: lower = 0, upper = 0
    ill acceptance #: none = 0, all = 0
    acceptance NOT in range #: lower = 0, upper = 5, total = 5
- var.name: p
    scale bound reached #: lower = 0, upper = 0
    ill acceptance #: none = 0, all = 0
    acceptance NOT in range #: lower = 2, upper = 0, total = 2
- var.name: phi
    scale bound reached #: lower = 0, upper = 0
    ill acceptance #: none = 0, all = 0
    acceptance NOT in range #: lower = 99, upper = 4831, total = 4930
- b: rbind(curr.scale, curr.accept)
               [,1]   [,2]   [,3]    [,4]    [,5]    [,6]   [,7]    [,8]
curr.scale  2.48832 2.0736 2.0736 2.48832 2.48832 2.48832 2.0736 2.48832
curr.accept 0.30000 0.2800 0.2700 0.25000 0.28000 0.20000 0.3600 0.23000
               [,9]
curr.scale  2.48832
curr.accept 0.23000
- var.name: b
    scale bound reached #: lower = 0, upper = 0
    ill acceptance #: none = 0, all = 0
    acceptance NOT in range #: lower = 0, upper = 1, total = 1
- var.name: p
    scale bound reached #: lower = 0, upper = 0
    ill acceptance #: none = 0, all = 0
    acceptance NOT in range #: lower = 0, upper = 1, total = 1
- var.name: phi
    scale bound reached #: lower = 0, upper = 0
    ill acceptance #: none = 0, all = 0
    acceptance NOT in range #: lower = 125, upper = 4559, total = 4684
- b: rbind(curr.scale, curr.accept)
                [,1]   [,2]   [,3]    [,4]    [,5]     [,6]    [,7]    [,8]
curr.scale  2.985984 2.0736 2.0736 2.48832 2.48832 1.990656 2.48832 2.48832
curr.accept 0.180000 0.3000 0.2900 0.28000 0.29000 0.300000 0.31000 0.25000
               [,9]
curr.scale  2.48832
curr.accept 0.22000
- var.name: b
    scale bound reached #: lower = 0, upper = 0
    ill acceptance #: none = 0, all = 0
    acceptance NOT in range #: lower = 1, upper = 1, total = 2
- var.name: p
    scale bound reached #: lower = 0, upper = 0
    ill acceptance #: none = 0, all = 0
    acceptance NOT in range #: lower = 0, upper = 0, total = 0
- var.name: phi
    scale bound reached #: lower = 0, upper = 0
    ill acceptance #: none = 0, all = 0
    acceptance NOT in range #: lower = 149, upper = 3923, total = 4072
- b: rbind(curr.scale, curr.accept)
                [,1]    [,2]   [,3]    [,4]    [,5]     [,6]     [,7]    [,8]
curr.scale  2.388787 2.48832 2.0736 2.48832 2.48832 2.388787 2.985984 2.48832
curr.accept 0.240000 0.21000 0.2900 0.25000 0.24000 0.270000 0.180000 0.35000
               [,9]
curr.scale  2.48832
curr.accept 0.26000
- var.name: b
    scale bound reached #: lower = 0, upper = 0
    ill acceptance #: none = 0, all = 0
    acceptance NOT in range #: lower = 1, upper = 1, total = 2
- var.name: p
    scale bound reached #: lower = 0, upper = 0
    ill acceptance #: none = 0, all = 0
    acceptance NOT in range #: lower = 0, upper = 0, total = 0
- var.name: phi
    scale bound reached #: lower = 0, upper = 0
    ill acceptance #: none = 0, all = 0
    acceptance NOT in range #: lower = 218, upper = 2884, total = 3102
- b: rbind(curr.scale, curr.accept)
                [,1]    [,2]   [,3]    [,4]    [,5]     [,6]     [,7]     [,8]
curr.scale  2.388787 2.48832 2.0736 2.48832 2.48832 2.388787 2.388787 2.985984
curr.accept 0.300000 0.28000 0.3600 0.22000 0.25000 0.300000 0.320000 0.210000
               [,9]
curr.scale  2.48832
curr.accept 0.32000
- var.name: b
    scale bound reached #: lower = 0, upper = 0
    ill acceptance #: none = 0, all = 0
    acceptance NOT in range #: lower = 0, upper = 3, total = 3
- var.name: p
    scale bound reached #: lower = 0, upper = 0
    ill acceptance #: none = 0, all = 0
    acceptance NOT in range #: lower = 1, upper = 0, total = 1
- var.name: phi
    scale bound reached #: lower = 0, upper = 0
    ill acceptance #: none = 0, all = 0
    acceptance NOT in range #: lower = 313, upper = 2005, total = 2318
- b: rbind(curr.scale, curr.accept)
                [,1]    [,2]    [,3]    [,4]    [,5]     [,6]     [,7]     [,8]
curr.scale  2.866545 2.48832 2.48832 2.48832 2.48832 2.866545 2.866545 2.985984
curr.accept 0.270000 0.26000 0.28000 0.24000 0.25000 0.180000 0.240000 0.230000
                [,9]
curr.scale  2.985984
curr.accept 0.220000
- var.name: b
    scale bound reached #: lower = 0, upper = 0
    ill acceptance #: none = 0, all = 0
    acceptance NOT in range #: lower = 1, upper = 0, total = 1
- var.name: p
    scale bound reached #: lower = 0, upper = 0
    ill acceptance #: none = 0, all = 0
    acceptance NOT in range #: lower = 1, upper = 0, total = 1
- var.name: phi
    scale bound reached #: lower = 0, upper = 0
    ill acceptance #: none = 0, all = 0
    acceptance NOT in range #: lower = 462, upper = 1467, total = 1929
- b: rbind(curr.scale, curr.accept)
                [,1]    [,2]    [,3]    [,4]    [,5]     [,6]     [,7]     [,8]
curr.scale  2.866545 2.48832 2.48832 2.48832 2.48832 2.293236 2.866545 2.985984
curr.accept 0.220000 0.18000 0.28000 0.23000 0.19000 0.260000 0.350000 0.200000
                [,9]
curr.scale  2.985984
curr.accept 0.200000
- var.name: b
    scale bound reached #: lower = 0, upper = 0
    ill acceptance #: none = 0, all = 0
    acceptance NOT in range #: lower = 2, upper = 1, total = 3
- var.name: p
    scale bound reached #: lower = 0, upper = 0
    ill acceptance #: none = 0, all = 0
    acceptance NOT in range #: lower = 0, upper = 1, total = 1
- var.name: phi
    scale bound reached #: lower = 0, upper = 0
    ill acceptance #: none = 0, all = 0
    acceptance NOT in range #: lower = 604, upper = 1225, total = 1829
- b: rbind(curr.scale, curr.accept)
                [,1]     [,2]    [,3]    [,4]     [,5]     [,6]     [,7]
curr.scale  2.866545 1.990656 2.48832 2.48832 1.990656 2.293236 3.439854
curr.accept 0.150000 0.270000 0.24000 0.24000 0.300000 0.340000 0.160000
                [,8]     [,9]
curr.scale  2.388787 2.388787
curr.accept 0.360000 0.290000
- var.name: b
    scale bound reached #: lower = 0, upper = 0
    ill acceptance #: none = 0, all = 0
    acceptance NOT in range #: lower = 2, upper = 2, total = 4
- var.name: p
    scale bound reached #: lower = 0, upper = 0
    ill acceptance #: none = 0, all = 0
    acceptance NOT in range #: lower = 2, upper = 0, total = 2
- var.name: phi
    scale bound reached #: lower = 0, upper = 0
    ill acceptance #: none = 0, all = 0
    acceptance NOT in range #: lower = 677, upper = 1143, total = 1820
- b: rbind(curr.scale, curr.accept)
                [,1]     [,2]    [,3]    [,4]     [,5]     [,6]     [,7]
curr.scale  2.293236 1.990656 2.48832 2.48832 2.388787 2.751883 2.751883
curr.accept 0.350000 0.240000 0.29000 0.22000 0.220000 0.300000 0.340000
                [,8]     [,9]
curr.scale  2.866545 2.388787
curr.accept 0.270000 0.380000
- var.name: b
    scale bound reached #: lower = 0, upper = 0
    ill acceptance #: none = 0, all = 0
    acceptance NOT in range #: lower = 0, upper = 3, total = 3
- var.name: p
    scale bound reached #: lower = 0, upper = 0
    ill acceptance #: none = 0, all = 0
    acceptance NOT in range #: lower = 0, upper = 1, total = 1
- var.name: phi
    scale bound reached #: lower = 0, upper = 0
    ill acceptance #: none = 0, all = 0
    acceptance NOT in range #: lower = 772, upper = 995, total = 1767
- b: rbind(curr.scale, curr.accept)
                [,1]     [,2]    [,3]    [,4]     [,5]     [,6]     [,7]
curr.scale  2.751883 1.990656 2.48832 2.48832 2.388787 3.302259 3.302259
curr.accept 0.220000 0.270000 0.26000 0.36000 0.270000 0.180000 0.220000
                [,8]     [,9]
curr.scale  2.866545 2.866545
curr.accept 0.280000 0.160000
- var.name: b
    scale bound reached #: lower = 0, upper = 0
    ill acceptance #: none = 0, all = 0
    acceptance NOT in range #: lower = 2, upper = 1, total = 3
- var.name: p
    scale bound reached #: lower = 0, upper = 0
    ill acceptance #: none = 0, all = 0
    acceptance NOT in range #: lower = 0, upper = 0, total = 0
- var.name: phi
    scale bound reached #: lower = 0, upper = 0
    ill acceptance #: none = 0, all = 0
    acceptance NOT in range #: lower = 731, upper = 1018, total = 1749
- b: rbind(curr.scale, curr.accept)
                [,1]     [,2]    [,3]     [,4]     [,5]     [,6]     [,7]
curr.scale  2.751883 1.990656 2.48832 2.985984 2.388787 2.641808 3.302259
curr.accept 0.200000 0.310000 0.37000 0.300000 0.260000 0.270000 0.260000
                [,8]     [,9]
curr.scale  2.866545 2.293236
curr.accept 0.300000 0.300000
- var.name: b
    scale bound reached #: lower = 0, upper = 0
    ill acceptance #: none = 0, all = 0
    acceptance NOT in range #: lower = 0, upper = 2, total = 2
- var.name: p
    scale bound reached #: lower = 0, upper = 0
    ill acceptance #: none = 0, all = 0
    acceptance NOT in range #: lower = 0, upper = 0, total = 0
- var.name: phi
    scale bound reached #: lower = 0, upper = 0
    ill acceptance #: none = 0, all = 0
    acceptance NOT in range #: lower = 803, upper = 993, total = 1796
- b: rbind(curr.scale, curr.accept)
                [,1]     [,2]     [,3]     [,4]     [,5]     [,6]     [,7]
curr.scale  2.201506 2.388787 2.985984 3.583181 2.388787 2.641808 3.302259
curr.accept 0.240000 0.290000 0.270000 0.190000 0.280000 0.230000 0.280000
                [,8]     [,9]
curr.scale  3.439854 2.751883
curr.accept 0.230000 0.260000
- var.name: b
    scale bound reached #: lower = 0, upper = 0
    ill acceptance #: none = 0, all = 0
    acceptance NOT in range #: lower = 1, upper = 0, total = 1
- var.name: p
    scale bound reached #: lower = 0, upper = 0
    ill acceptance #: none = 0, all = 0
    acceptance NOT in range #: lower = 0, upper = 0, total = 0
- var.name: phi
    scale bound reached #: lower = 0, upper = 0
    ill acceptance #: none = 0, all = 0
    acceptance NOT in range #: lower = 772, upper = 1041, total = 1813
- b: rbind(curr.scale, curr.accept)
                [,1]     [,2]     [,3]     [,4]     [,5]     [,6]     [,7]
curr.scale  2.201506 2.388787 2.985984 2.866545 2.388787 2.641808 3.302259
curr.accept 0.300000 0.330000 0.290000 0.170000 0.250000 0.230000 0.250000
                [,8]     [,9]
curr.scale  3.439854 2.751883
curr.accept 0.250000 0.220000
- var.name: b
    scale bound reached #: lower = 0, upper = 0
    ill acceptance #: none = 0, all = 0
    acceptance NOT in range #: lower = 1, upper = 1, total = 2
- var.name: p
    scale bound reached #: lower = 0, upper = 0
    ill acceptance #: none = 0, all = 0
    acceptance NOT in range #: lower = 0, upper = 1, total = 1
- var.name: phi
    scale bound reached #: lower = 0, upper = 0
    ill acceptance #: none = 0, all = 0
    acceptance NOT in range #: lower = 769, upper = 959, total = 1728
- b: rbind(curr.scale, curr.accept)
                [,1]     [,2]     [,3]     [,4]     [,5]     [,6]     [,7]
curr.scale  2.641808 2.866545 2.985984 2.293236 2.388787 2.641808 3.302259
curr.accept 0.310000 0.220000 0.240000 0.410000 0.250000 0.270000 0.210000
                [,8]     [,9]
curr.scale  3.439854 2.751883
curr.accept 0.220000 0.230000
- var.name: b
    scale bound reached #: lower = 0, upper = 0
    ill acceptance #: none = 0, all = 0
    acceptance NOT in range #: lower = 0, upper = 2, total = 2
- var.name: p
    scale bound reached #: lower = 0, upper = 0
    ill acceptance #: none = 0, all = 0
    acceptance NOT in range #: lower = 1, upper = 0, total = 1
- var.name: phi
    scale bound reached #: lower = 0, upper = 0
    ill acceptance #: none = 0, all = 0
    acceptance NOT in range #: lower = 830, upper = 992, total = 1822
- b: rbind(curr.scale, curr.accept)
                [,1]     [,2]     [,3]     [,4]     [,5]     [,6]     [,7]
curr.scale  3.170169 2.866545 2.985984 2.751883 2.388787 2.641808 3.302259
curr.accept 0.210000 0.170000 0.250000 0.260000 0.260000 0.210000 0.180000
                [,8]     [,9]
curr.scale  3.439854 2.751883
curr.accept 0.270000 0.220000
- var.name: b
    scale bound reached #: lower = 0, upper = 0
    ill acceptance #: none = 0, all = 0
    acceptance NOT in range #: lower = 2, upper = 0, total = 2
- var.name: p
    scale bound reached #: lower = 0, upper = 0
    ill acceptance #: none = 0, all = 0
    acceptance NOT in range #: lower = 0, upper = 0, total = 0
- var.name: phi
    scale bound reached #: lower = 0, upper = 0
    ill acceptance #: none = 0, all = 0
    acceptance NOT in range #: lower = 855, upper = 1002, total = 1857
- b: rbind(curr.scale, curr.accept)
                [,1]     [,2]     [,3]     [,4]     [,5]     [,6]     [,7]
curr.scale  3.170169 2.293236 2.985984 2.751883 2.388787 2.641808 2.641808
curr.accept 0.190000 0.310000 0.220000 0.270000 0.310000 0.170000 0.350000
                [,8]     [,9]
curr.scale  3.439854 2.751883
curr.accept 0.160000 0.250000
- var.name: b
    scale bound reached #: lower = 0, upper = 0
    ill acceptance #: none = 0, all = 0
    acceptance NOT in range #: lower = 3, upper = 3, total = 6
- var.name: p
    scale bound reached #: lower = 0, upper = 0
    ill acceptance #: none = 0, all = 0
    acceptance NOT in range #: lower = 0, upper = 0, total = 0
- var.name: phi
    scale bound reached #: lower = 0, upper = 0
    ill acceptance #: none = 0, all = 0
    acceptance NOT in range #: lower = 776, upper = 1027, total = 1803
- b: rbind(curr.scale, curr.accept)
                [,1]     [,2]     [,3]     [,4]     [,5]     [,6]     [,7]
curr.scale  2.536135 2.751883 2.985984 2.751883 2.866545 2.113446 3.170169
curr.accept 0.230000 0.170000 0.230000 0.340000 0.170000 0.280000 0.260000
                [,8]     [,9]
curr.scale  2.751883 2.751883
curr.accept 0.270000 0.260000
- var.name: b
    scale bound reached #: lower = 0, upper = 0
    ill acceptance #: none = 0, all = 0
    acceptance NOT in range #: lower = 2, upper = 1, total = 3
- var.name: p
    scale bound reached #: lower = 0, upper = 0
    ill acceptance #: none = 0, all = 0
    acceptance NOT in range #: lower = 0, upper = 1, total = 1
- var.name: phi
    scale bound reached #: lower = 0, upper = 0
    ill acceptance #: none = 0, all = 0
    acceptance NOT in range #: lower = 737, upper = 1039, total = 1776
- b: rbind(curr.scale, curr.accept)
                [,1]     [,2]     [,3]     [,4]     [,5]     [,6]     [,7]
curr.scale  2.536135 2.201506 2.985984 3.302259 2.293236 2.113446 3.170169
curr.accept 0.280000 0.270000 0.160000 0.210000 0.250000 0.320000 0.220000
                [,8]     [,9]
curr.scale  2.751883 2.751883
curr.accept 0.230000 0.250000
- var.name: b
    scale bound reached #: lower = 0, upper = 0
    ill acceptance #: none = 0, all = 0
    acceptance NOT in range #: lower = 1, upper = 1, total = 2
- var.name: p
    scale bound reached #: lower = 0, upper = 0
    ill acceptance #: none = 0, all = 0
    acceptance NOT in range #: lower = 1, upper = 0, total = 1
- var.name: phi
    scale bound reached #: lower = 0, upper = 0
    ill acceptance #: none = 0, all = 0
    acceptance NOT in range #: lower = 782, upper = 1028, total = 1810
- b: rbind(curr.scale, curr.accept)
                [,1]     [,2]     [,3]     [,4]     [,5]     [,6]     [,7]
curr.scale  2.536135 2.201506 2.388787 3.302259 2.293236 2.536135 3.170169
curr.accept 0.310000 0.300000 0.250000 0.200000 0.270000 0.130000 0.230000
                [,8]     [,9]
curr.scale  2.751883 2.751883
curr.accept 0.360000 0.210000
- var.name: b
    scale bound reached #: lower = 0, upper = 0
    ill acceptance #: none = 0, all = 0
    acceptance NOT in range #: lower = 1, upper = 2, total = 3
- var.name: p
    scale bound reached #: lower = 0, upper = 0
    ill acceptance #: none = 0, all = 0
    acceptance NOT in range #: lower = 0, upper = 0, total = 0
- var.name: phi
    scale bound reached #: lower = 0, upper = 0
    ill acceptance #: none = 0, all = 0
    acceptance NOT in range #: lower = 801, upper = 959, total = 1760
- b: rbind(curr.scale, curr.accept)
                [,1]     [,2]     [,3]     [,4]     [,5]     [,6]     [,7]
curr.scale  3.043362 2.641808 2.388787 2.641808 2.293236 2.028908 3.170169
curr.accept 0.250000 0.290000 0.260000 0.230000 0.270000 0.230000 0.210000
                [,8]     [,9]
curr.scale  3.302259 2.751883
curr.accept 0.230000 0.270000
- var.name: b
    scale bound reached #: lower = 0, upper = 0
    ill acceptance #: none = 0, all = 0
    acceptance NOT in range #: lower = 0, upper = 0, total = 0
- var.name: p
    scale bound reached #: lower = 0, upper = 0
    ill acceptance #: none = 0, all = 0
    acceptance NOT in range #: lower = 1, upper = 0, total = 1
- var.name: phi
    scale bound reached #: lower = 0, upper = 0
    ill acceptance #: none = 0, all = 0
    acceptance NOT in range #: lower = 763, upper = 947, total = 1710
- b: rbind(curr.scale, curr.accept)
                [,1]     [,2]     [,3]     [,4]     [,5]     [,6]     [,7]
curr.scale  3.043362 2.641808 2.388787 2.641808 2.293236 2.028908 3.170169
curr.accept 0.180000 0.180000 0.230000 0.260000 0.300000 0.470000 0.220000
                [,8]     [,9]
curr.scale  3.302259 2.751883
curr.accept 0.180000 0.230000
- var.name: b
    scale bound reached #: lower = 0, upper = 0
    ill acceptance #: none = 0, all = 0
    acceptance NOT in range #: lower = 3, upper = 1, total = 4
- var.name: p
    scale bound reached #: lower = 0, upper = 0
    ill acceptance #: none = 0, all = 0
    acceptance NOT in range #: lower = 0, upper = 0, total = 0
- var.name: phi
    scale bound reached #: lower = 0, upper = 0
    ill acceptance #: none = 0, all = 0
    acceptance NOT in range #: lower = 715, upper = 1068, total = 1783
- b: rbind(curr.scale, curr.accept)
               [,1]     [,2]     [,3]     [,4]     [,5]    [,6]     [,7]
curr.scale  2.43469 2.113446 2.388787 2.641808 2.751883 2.43469 3.170169
curr.accept 0.25000 0.260000 0.270000 0.270000 0.250000 0.31000 0.290000
                [,8]     [,9]
curr.scale  2.641808 2.751883
curr.accept 0.230000 0.290000
- var.name: b
    scale bound reached #: lower = 0, upper = 0
    ill acceptance #: none = 0, all = 0
    acceptance NOT in range #: lower = 0, upper = 1, total = 1
- var.name: p
    scale bound reached #: lower = 0, upper = 0
    ill acceptance #: none = 0, all = 0
    acceptance NOT in range #: lower = 0, upper = 0, total = 0
- var.name: phi
    scale bound reached #: lower = 0, upper = 0
    ill acceptance #: none = 0, all = 0
    acceptance NOT in range #: lower = 845, upper = 915, total = 1760
- b: rbind(curr.scale, curr.accept)
               [,1]     [,2]     [,3]     [,4]     [,5]     [,6]     [,7]
curr.scale  2.43469 2.113446 2.388787 2.641808 2.751883 2.921628 3.170169
curr.accept 0.28000 0.270000 0.340000 0.380000 0.290000 0.250000 0.210000
                [,8]     [,9]
curr.scale  2.641808 2.751883
curr.accept 0.250000 0.270000
- var.name: b
    scale bound reached #: lower = 0, upper = 0
    ill acceptance #: none = 0, all = 0
    acceptance NOT in range #: lower = 0, upper = 2, total = 2
- var.name: p
    scale bound reached #: lower = 0, upper = 0
    ill acceptance #: none = 0, all = 0
    acceptance NOT in range #: lower = 0, upper = 1, total = 1
- var.name: phi
    scale bound reached #: lower = 0, upper = 0
    ill acceptance #: none = 0, all = 0
    acceptance NOT in range #: lower = 797, upper = 1016, total = 1813
- b: rbind(curr.scale, curr.accept)
               [,1]     [,2]     [,3]     [,4]     [,5]     [,6]     [,7]
curr.scale  2.43469 2.113446 2.866545 3.170169 2.751883 2.921628 3.170169
curr.accept 0.23000 0.220000 0.280000 0.260000 0.230000 0.250000 0.160000
                [,8]     [,9]
curr.scale  2.641808 2.751883
curr.accept 0.330000 0.300000
- var.name: b
    scale bound reached #: lower = 0, upper = 0
    ill acceptance #: none = 0, all = 0
    acceptance NOT in range #: lower = 1, upper = 1, total = 2
- var.name: p
    scale bound reached #: lower = 0, upper = 0
    ill acceptance #: none = 0, all = 0
    acceptance NOT in range #: lower = 0, upper = 0, total = 0
- var.name: phi
    scale bound reached #: lower = 0, upper = 0
    ill acceptance #: none = 0, all = 0
    acceptance NOT in range #: lower = 780, upper = 968, total = 1748
- b: rbind(curr.scale, curr.accept)
               [,1]     [,2]     [,3]     [,4]     [,5]     [,6]     [,7]
curr.scale  2.43469 2.113446 2.866545 3.170169 2.751883 2.921628 2.536135
curr.accept 0.22000 0.320000 0.240000 0.200000 0.260000 0.340000 0.240000
                [,8]     [,9]
curr.scale  3.170169 3.302259
curr.accept 0.240000 0.290000
- var.name: b
    scale bound reached #: lower = 0, upper = 0
    ill acceptance #: none = 0, all = 0
    acceptance NOT in range #: lower = 0, upper = 2, total = 2
- var.name: p
    scale bound reached #: lower = 0, upper = 0
    ill acceptance #: none = 0, all = 0
    acceptance NOT in range #: lower = 0, upper = 1, total = 1
- var.name: phi
    scale bound reached #: lower = 0, upper = 0
    ill acceptance #: none = 0, all = 0
    acceptance NOT in range #: lower = 834, upper = 990, total = 1824
- b: rbind(curr.scale, curr.accept)
               [,1]     [,2]     [,3]     [,4]     [,5]     [,6]     [,7]
curr.scale  2.43469 2.536135 2.866545 2.536135 2.751883 3.505953 2.536135
curr.accept 0.33000 0.290000 0.230000 0.280000 0.140000 0.210000 0.290000
                [,8]     [,9]
curr.scale  3.170169 3.302259
curr.accept 0.200000 0.230000
- var.name: b
    scale bound reached #: lower = 0, upper = 0
    ill acceptance #: none = 0, all = 0
    acceptance NOT in range #: lower = 1, upper = 1, total = 2
- var.name: p
    scale bound reached #: lower = 0, upper = 0
    ill acceptance #: none = 0, all = 0
    acceptance NOT in range #: lower = 0, upper = 0, total = 0
- var.name: phi
    scale bound reached #: lower = 0, upper = 0
    ill acceptance #: none = 0, all = 0
    acceptance NOT in range #: lower = 820, upper = 997, total = 1817
- b: rbind(curr.scale, curr.accept)
                [,1]     [,2]     [,3]     [,4]     [,5]     [,6]     [,7]
curr.scale  2.921628 2.536135 2.866545 2.536135 2.201506 3.505953 2.536135
curr.accept 0.230000 0.230000 0.180000 0.370000 0.330000 0.190000 0.290000
                [,8]     [,9]
curr.scale  2.536135 3.302259
curr.accept 0.310000 0.180000
- var.name: b
    scale bound reached #: lower = 0, upper = 0
    ill acceptance #: none = 0, all = 0
    acceptance NOT in range #: lower = 3, upper = 3, total = 6
- var.name: p
    scale bound reached #: lower = 0, upper = 0
    ill acceptance #: none = 0, all = 0
    acceptance NOT in range #: lower = 0, upper = 0, total = 0
- var.name: phi
    scale bound reached #: lower = 0, upper = 0
    ill acceptance #: none = 0, all = 0
    acceptance NOT in range #: lower = 702, upper = 1038, total = 1740
- b: rbind(curr.scale, curr.accept)
                [,1]     [,2]     [,3]     [,4]     [,5]     [,6]     [,7]
curr.scale  2.921628 2.536135 2.293236 3.043362 2.641808 2.804763 2.536135
curr.accept 0.170000 0.220000 0.290000 0.270000 0.280000 0.200000 0.350000
                [,8]     [,9]
curr.scale  3.043362 2.641808
curr.accept 0.290000 0.270000
- var.name: b
    scale bound reached #: lower = 0, upper = 0
    ill acceptance #: none = 0, all = 0
    acceptance NOT in range #: lower = 1, upper = 1, total = 2
- var.name: p
    scale bound reached #: lower = 0, upper = 0
    ill acceptance #: none = 0, all = 0
    acceptance NOT in range #: lower = 0, upper = 0, total = 0
- var.name: phi
    scale bound reached #: lower = 0, upper = 0
    ill acceptance #: none = 0, all = 0
    acceptance NOT in range #: lower = 693, upper = 1067, total = 1760
- b: rbind(curr.scale, curr.accept)
                [,1]     [,2]     [,3]     [,4]     [,5]    [,6]     [,7]
curr.scale  2.337302 2.536135 2.293236 3.043362 2.641808 2.24381 3.043362
curr.accept 0.330000 0.190000 0.410000 0.250000 0.270000 0.24000 0.310000
                [,8]     [,9]
curr.scale  3.043362 2.641808
curr.accept 0.270000 0.300000
- var.name: b
    scale bound reached #: lower = 0, upper = 0
    ill acceptance #: none = 0, all = 0
    acceptance NOT in range #: lower = 1, upper = 3, total = 4
- var.name: p
    scale bound reached #: lower = 0, upper = 0
    ill acceptance #: none = 0, all = 0
    acceptance NOT in range #: lower = 0, upper = 0, total = 0
- var.name: phi
    scale bound reached #: lower = 0, upper = 0
    ill acceptance #: none = 0, all = 0
    acceptance NOT in range #: lower = 759, upper = 998, total = 1757
- b: rbind(curr.scale, curr.accept)
                [,1]     [,2]     [,3]     [,4]     [,5]    [,6]     [,7]
curr.scale  2.804763 2.028908 2.751883 3.043362 2.641808 2.24381 3.652035
curr.accept 0.250000 0.290000 0.250000 0.200000 0.310000 0.34000 0.180000
                [,8]     [,9]
curr.scale  3.043362 3.170169
curr.accept 0.230000 0.220000
- var.name: b
    scale bound reached #: lower = 0, upper = 0
    ill acceptance #: none = 0, all = 0
    acceptance NOT in range #: lower = 1, upper = 2, total = 3
- var.name: p
    scale bound reached #: lower = 0, upper = 0
    ill acceptance #: none = 0, all = 0
    acceptance NOT in range #: lower = 0, upper = 0, total = 0
- var.name: phi
    scale bound reached #: lower = 0, upper = 0
    ill acceptance #: none = 0, all = 0
    acceptance NOT in range #: lower = 800, upper = 920, total = 1720
- b: rbind(curr.scale, curr.accept)
                [,1]     [,2]     [,3]    [,4]     [,5]     [,6]     [,7]
curr.scale  2.804763 2.028908 2.751883 2.43469 3.170169 2.692572 2.921628
curr.accept 0.310000 0.340000 0.310000 0.28000 0.140000 0.250000 0.270000
                [,8]     [,9]
curr.scale  3.043362 3.170169
curr.accept 0.320000 0.210000
- var.name: b
    scale bound reached #: lower = 0, upper = 0
    ill acceptance #: none = 0, all = 0
    acceptance NOT in range #: lower = 1, upper = 4, total = 5
- var.name: p
    scale bound reached #: lower = 0, upper = 0
    ill acceptance #: none = 0, all = 0
    acceptance NOT in range #: lower = 0, upper = 0, total = 0
- var.name: phi
    scale bound reached #: lower = 0, upper = 0
    ill acceptance #: none = 0, all = 0
    acceptance NOT in range #: lower = 787, upper = 951, total = 1738
- b: rbind(curr.scale, curr.accept)
                [,1]    [,2]     [,3]    [,4]     [,5]     [,6]     [,7]
curr.scale  3.365715 2.43469 3.302259 2.43469 2.536135 2.692572 2.921628
curr.accept 0.190000 0.23000 0.180000 0.30000 0.230000 0.290000 0.330000
                [,8]     [,9]
curr.scale  3.652035 3.170169
curr.accept 0.180000 0.190000
- var.name: b
    scale bound reached #: lower = 0, upper = 0
    ill acceptance #: none = 0, all = 0
    acceptance NOT in range #: lower = 4, upper = 1, total = 5
- var.name: p
    scale bound reached #: lower = 0, upper = 0
    ill acceptance #: none = 0, all = 0
    acceptance NOT in range #: lower = 0, upper = 0, total = 0
- var.name: phi
    scale bound reached #: lower = 0, upper = 0
    ill acceptance #: none = 0, all = 0
    acceptance NOT in range #: lower = 709, upper = 1064, total = 1773
- var.name: b
    ill acceptance #: none = 0, all = 0
    last renew NOT in range #: lower = 4, upper = 1, total = 5
- var.name: p
    ill acceptance #: none = 0, all = 0
    last renew NOT in range #: lower = 0, upper = 0, total = 0
- var.name: phi
    ill acceptance #: none = 0, all = 0
    last renew NOT in range #: lower = 709, upper = 1064, total = 1773
Geweke Z score after samples: 751	-1.21856702631041	 test was performed on 376 samples
Elapsed time for 1 chains doing  iterations on 20 cores was 118.34 min
process results...
saving results...
finished at: 2015-06-04 16:29:15 
