===================================================================================
================================ START HEADER =====================================
===================================================================================
Function call:
Rscript run_roc.r -c cubappr -s 0.5 1 2 4 -f ../S.cervisiae.REU13/S.cerevisiae.S288c.REU.sim.b-0.001.ces.fasta -o ../results/conv_test/ -n without_xobs_singlechain_lapply_4cores -i woxobs_pinit.csv

MCMC parameters:
Number of samples between checks: 1000 
Min samples: 5000 
Max samples: 20000 
Reset QR until: 0 samples
Thining: store every 10 iteration as sample
Swap 0 % of b matrix
Swap b matrix if L1-norm is < 0 

Simulation parameters
Number of Cores 1 
Number of Chains: 1 
Parallel mode within chain: lapply 
Samples used: 1000 
First 0  AAs removed from sequence
Sequences with less than 0 AAs ignored
List of AAs taken into account:
	A C D E F G H I K L M N P Q R S T V W Y Z

Convergence criteria
Convergence test: Geweke
Convergence criterium: Z Score < 0.15 
% chain used at the begining: 0.1 
% chain used at the end: 0.5 
Use every 1 sample for convergence test

===================================================================================
================================= END HEADER ======================================
===================================================================================


Warning message:
In read.table(opt$pinit, header = F, sep = ",") :
  incomplete final line found by readTableHeader on 'woxobs_pinit.csv'
started at: 2014-09-15 15:05:32 
using cubappr 
reading sequences from file ../S.cervisiae.REU13/S.cerevisiae.S288c.REU.sim.b-0.001.ces.fasta 
generating list of codon position in ORFs for each AA...
generating list of number of AA occurences per ORF...
generating list of codon counts per ORF...
generate initial phi using SCUO with sd(ln(phi)) values
	- 0.5 
running cubappr using cubsinglechain 
	 with seeds: 31803
- b: rbind(curr.scale, curr.accept)
            [,1] [,2] [,3] [,4] [,5] [,6] [,7] [,8] [,9] [,10] [,11] [,12]
curr.scale   1.0 1.00 1.00  1.0 1.00 1.00 1.00 1.00 1.00  1.00  1.00  1.00
curr.accept  0.4 0.51 0.52  0.5 0.47 0.46 0.52 0.56 0.44  0.53  0.56  0.46
            [,13] [,14] [,15] [,16] [,17] [,18] [,19]
curr.scale   1.00  1.00  1.00  1.00  1.00  1.00  1.00
curr.accept  0.52  0.53  0.45  0.39  0.47  0.49  0.51
- b: rbind(curr.scale, curr.accept)
            [,1] [,2] [,3] [,4] [,5] [,6] [,7] [,8] [,9] [,10] [,11] [,12]
curr.scale  1.20 1.20 1.20 1.20 1.20 1.20  1.2 1.20 1.20  1.20  1.20  1.20
curr.accept 0.51 0.63 0.52 0.48 0.56 0.42  0.5 0.46 0.55  0.51  0.51  0.54
            [,13] [,14] [,15] [,16] [,17] [,18] [,19]
curr.scale   1.20  1.20  1.20  1.20  1.20  1.20  1.20
curr.accept  0.49  0.46  0.54  0.48  0.45  0.48  0.68
- b: rbind(curr.scale, curr.accept)
            [,1] [,2] [,3] [,4] [,5] [,6] [,7] [,8] [,9] [,10] [,11] [,12]
curr.scale  1.44 1.44 1.44 1.44 1.44 1.44 1.44 1.44 1.44  1.44  1.44  1.44
curr.accept 0.51 0.59 0.46 0.51 0.49 0.48 0.52 0.48 0.55  0.51  0.50  0.46
            [,13] [,14] [,15] [,16] [,17] [,18] [,19]
curr.scale   1.44  1.44  1.44  1.44  1.44  1.44  1.44
curr.accept  0.48  0.53  0.41  0.40  0.52  0.45  0.61
- var.name: b
    scale bound reached #: lower = 0, upper = 0
    ill acceptance #: none = 0, all = 0
    acceptance NOT in range #: lower = 0, upper = 19, total = 19
- var.name: p
    scale bound reached #: lower = 0, upper = 0
    ill acceptance #: none = 0, all = 0
    acceptance NOT in range #: lower = 1, upper = 0, total = 1
- var.name: phi.pred
    scale bound reached #: lower = 0, upper = 0
    ill acceptance #: none = 0, all = 0
    acceptance NOT in range #: lower = 0, upper = 5530, total = 5530
- b: rbind(curr.scale, curr.accept)
             [,1]  [,2]  [,3]  [,4]  [,5]  [,6]  [,7]  [,8]  [,9] [,10] [,11]
curr.scale  1.728 1.728 1.728 1.728 1.728 1.728 1.728 1.728 1.728 1.728 1.728
curr.accept 0.560 0.530 0.440 0.550 0.540 0.500 0.560 0.470 0.530 0.450 0.610
            [,12] [,13] [,14] [,15] [,16] [,17] [,18] [,19]
curr.scale  1.728 1.728 1.728 1.728 1.728 1.728 1.728 1.728
curr.accept 0.480 0.550 0.480 0.510 0.530 0.560 0.450 0.570
- var.name: b
    scale bound reached #: lower = 0, upper = 0
    ill acceptance #: none = 0, all = 0
    acceptance NOT in range #: lower = 0, upper = 19, total = 19
- var.name: p
    scale bound reached #: lower = 0, upper = 0
    ill acceptance #: none = 0, all = 0
    acceptance NOT in range #: lower = 1, upper = 0, total = 1
- var.name: phi.pred
    scale bound reached #: lower = 0, upper = 0
    ill acceptance #: none = 0, all = 0
    acceptance NOT in range #: lower = 0, upper = 5530, total = 5530
- b: rbind(curr.scale, curr.accept)
              [,1]   [,2]   [,3]   [,4]   [,5]   [,6]   [,7]   [,8]   [,9]
curr.scale  2.0736 2.0736 2.0736 2.0736 2.0736 2.0736 2.0736 2.0736 2.0736
curr.accept 0.4800 0.4700 0.5500 0.4800 0.4600 0.5400 0.4500 0.2900 0.5100
             [,10]  [,11]  [,12]  [,13]  [,14]  [,15]  [,16]  [,17]  [,18]
curr.scale  2.0736 2.0736 2.0736 2.0736 2.0736 2.0736 2.0736 2.0736 2.0736
curr.accept 0.4900 0.4300 0.3900 0.3900 0.4200 0.3200 0.3500 0.2900 0.4000
             [,19]
curr.scale  2.0736
curr.accept 0.4200
- var.name: b
    scale bound reached #: lower = 0, upper = 0
    ill acceptance #: none = 0, all = 0
    acceptance NOT in range #: lower = 0, upper = 17, total = 17
- var.name: p
    scale bound reached #: lower = 0, upper = 0
    ill acceptance #: none = 0, all = 0
    acceptance NOT in range #: lower = 1, upper = 0, total = 1
- var.name: phi.pred
    scale bound reached #: lower = 0, upper = 0
    ill acceptance #: none = 0, all = 0
    acceptance NOT in range #: lower = 0, upper = 5530, total = 5530
- b: rbind(curr.scale, curr.accept)
               [,1]    [,2]    [,3]    [,4]    [,5]    [,6]    [,7]   [,8]
curr.scale  2.48832 2.48832 2.48832 2.48832 2.48832 2.48832 2.48832 2.0736
curr.accept 0.45000 0.44000 0.35000 0.38000 0.42000 0.07000 0.40000 0.2600
               [,9]   [,10]   [,11]   [,12]   [,13]   [,14]   [,15]   [,16]
curr.scale  2.48832 2.48832 2.48832 2.48832 2.48832 2.48832 2.48832 2.48832
curr.accept 0.51000 0.49000 0.38000 0.10000 0.40000 0.50000 0.10000 0.11000
             [,17]   [,18]   [,19]
curr.scale  2.0736 2.48832 2.48832
curr.accept 0.1400 0.44000 0.45000
- var.name: b
    scale bound reached #: lower = 0, upper = 0
    ill acceptance #: none = 0, all = 0
    acceptance NOT in range #: lower = 5, upper = 13, total = 18
- var.name: p
    scale bound reached #: lower = 0, upper = 0
    ill acceptance #: none = 0, all = 0
    acceptance NOT in range #: lower = 1, upper = 0, total = 1
- var.name: phi.pred
    scale bound reached #: lower = 0, upper = 0
    ill acceptance #: none = 0, all = 0
    acceptance NOT in range #: lower = 0, upper = 5530, total = 5530
- b: rbind(curr.scale, curr.accept)
                [,1]     [,2]     [,3]     [,4]     [,5]     [,6]     [,7]
curr.scale  2.985984 2.985984 2.985984 2.985984 2.985984 1.990656 2.985984
curr.accept 0.530000 0.260000 0.350000 0.310000 0.340000 0.190000 0.410000
              [,8]     [,9]    [,10]    [,11]    [,12]    [,13]    [,14]
curr.scale  2.0736 2.985984 2.985984 2.985984 1.990656 2.985984 2.985984
curr.accept 0.2300 0.350000 0.460000 0.420000 0.170000 0.410000 0.580000
               [,15]    [,16]   [,17]    [,18]    [,19]
curr.scale  1.990656 1.990656 1.65888 2.985984 2.985984
curr.accept 0.170000 0.170000 0.17000 0.310000 0.330000
- var.name: b
    scale bound reached #: lower = 0, upper = 0
    ill acceptance #: none = 0, all = 0
    acceptance NOT in range #: lower = 5, upper = 12, total = 17
- var.name: p
    scale bound reached #: lower = 0, upper = 0
    ill acceptance #: none = 0, all = 0
    acceptance NOT in range #: lower = 1, upper = 0, total = 1
- var.name: phi.pred
    scale bound reached #: lower = 0, upper = 0
    ill acceptance #: none = 0, all = 0
    acceptance NOT in range #: lower = 0, upper = 5530, total = 5530
- b: rbind(curr.scale, curr.accept)
                [,1]     [,2]     [,3]     [,4]     [,5]     [,6]     [,7]
curr.scale  3.583181 2.985984 3.583181 3.583181 3.583181 1.592525 3.583181
curr.accept 0.060000 0.310000 0.230000 0.230000 0.370000 0.250000 0.330000
              [,8]     [,9]    [,10]    [,11]    [,12]    [,13]    [,14]
curr.scale  2.0736 3.583181 3.583181 3.583181 1.592525 3.583181 3.583181
curr.accept 0.2200 0.290000 0.460000 0.380000 0.250000 0.300000 0.370000
               [,15]    [,16]    [,17]    [,18]    [,19]
curr.scale  1.592525 1.592525 1.327104 3.583181 3.583181
curr.accept 0.190000 0.200000 0.210000 0.330000 0.250000
- var.name: b
    scale bound reached #: lower = 0, upper = 0
    ill acceptance #: none = 0, all = 0
    acceptance NOT in range #: lower = 2, upper = 7, total = 9
- var.name: p
    scale bound reached #: lower = 0, upper = 0
    ill acceptance #: none = 0, all = 0
    acceptance NOT in range #: lower = 1, upper = 0, total = 1
- var.name: phi.pred
    scale bound reached #: lower = 0, upper = 0
    ill acceptance #: none = 0, all = 0
    acceptance NOT in range #: lower = 0, upper = 5530, total = 5530
- b: rbind(curr.scale, curr.accept)
                [,1]     [,2]     [,3]     [,4]     [,5]     [,6]     [,7]
curr.scale  2.866545 3.583181 3.583181 3.583181 4.299817 1.592525 4.299817
curr.accept 0.130000 0.240000 0.210000 0.180000 0.260000 0.270000 0.280000
              [,8]     [,9]    [,10]    [,11]    [,12]    [,13]    [,14]
curr.scale  2.0736 3.583181 4.299817 4.299817 1.592525 4.299817 4.299817
curr.accept 0.2800 0.290000 0.120000 0.230000 0.210000 0.310000 0.000000
              [,15]   [,16]    [,17]    [,18]    [,19]
curr.scale  1.27402 1.27402 1.327104 4.299817 3.583181
curr.accept 0.36000 0.30000 0.290000 0.230000 0.300000
- var.name: b
    scale bound reached #: lower = 0, upper = 0
    ill acceptance #: none = 0, all = 0
    acceptance NOT in range #: lower = 4, upper = 2, total = 6
- var.name: p
    scale bound reached #: lower = 0, upper = 0
    ill acceptance #: none = 0, all = 0
    acceptance NOT in range #: lower = 1, upper = 0, total = 1
- var.name: phi.pred
    scale bound reached #: lower = 0, upper = 0
    ill acceptance #: none = 0, all = 0
    acceptance NOT in range #: lower = 1, upper = 5528, total = 5529
- b: rbind(curr.scale, curr.accept)
                [,1]     [,2]     [,3]     [,4]     [,5]     [,6]     [,7]
curr.scale  2.293236 3.583181 3.583181 2.866545 4.299817 1.592525 4.299817
curr.accept 0.130000 0.470000 0.270000 0.360000 0.180000 0.220000 0.170000
              [,8]     [,9]    [,10]    [,11]    [,12]   [,13]    [,14]
curr.scale  2.0736 3.583181 3.439854 4.299817 1.592525 5.15978 3.439854
curr.accept 0.2300 0.250000 0.010000 0.230000 0.200000 0.23000 0.030000
               [,15]    [,16]    [,17]    [,18]    [,19]
curr.scale  1.528824 1.528824 1.327104 4.299817 4.299817
curr.accept 0.230000 0.200000 0.280000 0.230000 0.150000
- var.name: b
    scale bound reached #: lower = 0, upper = 0
    ill acceptance #: none = 0, all = 0
    acceptance NOT in range #: lower = 6, upper = 2, total = 8
- var.name: p
    scale bound reached #: lower = 0, upper = 0
    ill acceptance #: none = 0, all = 0
    acceptance NOT in range #: lower = 1, upper = 0, total = 1
- var.name: phi.pred
    scale bound reached #: lower = 0, upper = 0
    ill acceptance #: none = 0, all = 0
    acceptance NOT in range #: lower = 1, upper = 5528, total = 5529
- b: rbind(curr.scale, curr.accept)
                [,1]     [,2]     [,3]     [,4]     [,5]     [,6]     [,7]
curr.scale  1.834589 4.299817 3.583181 3.439854 3.439854 1.592525 3.439854
curr.accept 0.250000 0.260000 0.360000 0.280000 0.390000 0.190000 0.290000
              [,8]     [,9]    [,10]    [,11]   [,12]   [,13]    [,14]    [,15]
curr.scale  2.0736 3.583181 2.751883 4.299817 1.27402 5.15978 2.751883 1.528824
curr.accept 0.2500 0.350000 0.040000 0.140000 0.27000 0.21000 0.050000 0.170000
               [,16]    [,17]    [,18]    [,19]
curr.scale  1.223059 1.327104 4.299817 3.439854
curr.accept 0.380000 0.240000 0.250000 0.270000
- var.name: b
    scale bound reached #: lower = 0, upper = 0
    ill acceptance #: none = 0, all = 0
    acceptance NOT in range #: lower = 5, upper = 4, total = 9
- var.name: p
    scale bound reached #: lower = 0, upper = 0
    ill acceptance #: none = 0, all = 0
    acceptance NOT in range #: lower = 1, upper = 0, total = 1
- var.name: phi.pred
    scale bound reached #: lower = 0, upper = 0
    ill acceptance #: none = 0, all = 0
    acceptance NOT in range #: lower = 1, upper = 5528, total = 5529
- b: rbind(curr.scale, curr.accept)
                [,1]     [,2]     [,3]     [,4]     [,5]    [,6]     [,7]
curr.scale  1.834589 4.299817 4.299817 3.439854 4.127824 1.27402 3.439854
curr.accept 0.170000 0.220000 0.280000 0.230000 0.320000 0.34000 0.340000
              [,8]     [,9]    [,10]    [,11]   [,12]   [,13]    [,14]    [,15]
curr.scale  2.0736 4.299817 2.201506 3.439854 1.27402 5.15978 2.201506 1.223059
curr.accept 0.2400 0.230000 0.080000 0.280000 0.21000 0.25000 0.000000 0.290000
               [,16]    [,17]    [,18]    [,19]
curr.scale  1.467671 1.327104 4.299817 3.439854
curr.accept 0.270000 0.350000 0.220000 0.280000
- var.name: b
    scale bound reached #: lower = 0, upper = 0
    ill acceptance #: none = 0, all = 0
    acceptance NOT in range #: lower = 3, upper = 4, total = 7
- var.name: p
    scale bound reached #: lower = 0, upper = 0
    ill acceptance #: none = 0, all = 0
    acceptance NOT in range #: lower = 0, upper = 0, total = 0
- var.name: phi.pred
    scale bound reached #: lower = 0, upper = 0
    ill acceptance #: none = 0, all = 0
    acceptance NOT in range #: lower = 2, upper = 5528, total = 5530
- b: rbind(curr.scale, curr.accept)
                [,1]     [,2]     [,3]     [,4]     [,5]     [,6]     [,7]
curr.scale  1.467671 4.299817 4.299817 3.439854 4.953389 1.528824 4.127824
curr.accept 0.180000 0.210000 0.270000 0.380000 0.200000 0.260000 0.270000
              [,8]     [,9]    [,10]    [,11]   [,12]   [,13]    [,14]    [,15]
curr.scale  2.0736 4.299817 1.761205 3.439854 1.27402 5.15978 1.761205 1.223059
curr.accept 0.2000 0.280000 0.050000 0.280000 0.31000 0.21000 0.050000 0.350000
               [,16]    [,17]    [,18]    [,19]
curr.scale  1.467671 1.592525 4.299817 3.439854
curr.accept 0.190000 0.250000 0.260000 0.360000
- var.name: b
    scale bound reached #: lower = 0, upper = 0
    ill acceptance #: none = 0, all = 0
    acceptance NOT in range #: lower = 4, upper = 4, total = 8
- var.name: p
    scale bound reached #: lower = 0, upper = 0
    ill acceptance #: none = 0, all = 0
    acceptance NOT in range #: lower = 1, upper = 0, total = 1
- var.name: phi.pred
    scale bound reached #: lower = 0, upper = 0
    ill acceptance #: none = 0, all = 0
    acceptance NOT in range #: lower = 0, upper = 5529, total = 5529
- b: rbind(curr.scale, curr.accept)
                [,1]     [,2]     [,3]     [,4]     [,5]     [,6]     [,7]
curr.scale  1.174137 4.299817 4.299817 4.127824 3.962711 1.528824 4.127824
curr.accept 0.330000 0.300000 0.270000 0.330000 0.240000 0.350000 0.220000
               [,8]     [,9]    [,10]    [,11]    [,12]   [,13]    [,14]
curr.scale  1.65888 4.299817 1.408964 3.439854 1.528824 5.15978 1.408964
curr.accept 0.25000 0.210000 0.210000 0.290000 0.190000 0.19000 0.110000
               [,15]    [,16]    [,17]    [,18]    [,19]
curr.scale  1.467671 1.174137 1.592525 4.299817 4.127824
curr.accept 0.220000 0.380000 0.150000 0.260000 0.280000
- var.name: b
    scale bound reached #: lower = 0, upper = 0
    ill acceptance #: none = 0, all = 0
    acceptance NOT in range #: lower = 4, upper = 4, total = 8
- var.name: p
    scale bound reached #: lower = 0, upper = 0
    ill acceptance #: none = 0, all = 0
    acceptance NOT in range #: lower = 0, upper = 0, total = 0
- var.name: phi.pred
    scale bound reached #: lower = 0, upper = 0
    ill acceptance #: none = 0, all = 0
    acceptance NOT in range #: lower = 0, upper = 5528, total = 5528
Error in phi.New[accept] <- prop$phi.Prop[accept] : 
  NAs are not allowed in subscripted assignments
Calls: system.time ... do.call -> <Anonymous> -> my.drawPhiConditionalAllPred
Timing stopped at: 6251.473 43.7 6298.546 
Execution halted
