===================================================================================
================================ START HEADER =====================================
===================================================================================
Function call:
Rscript run_roc.r -c cubappr -s 0.5 1 2 4 -f ../rattus_norvegicus/data/rn_mgc_cds_nt.fasta -o ../rattus_norvegicus/results/withoutXobs_resetqr_1000/ -n without_xobs_multichain_lapply_4cores -i woxobs_pinit.csv

MCMC parameters:
Number of samples between checks: 200 
Min samples: 2000 
Max samples: 10000 
Reset QR until: 1000 samples
Thining: store every 50 iteration as sample
Swap 0 % of b matrix
Swap b matrix if L1-norm is < 0 

Simulation parameters
Number of Cores 4 
Number of Chains: 4 
Parallel mode within chain: lapply 
Samples used: 600 
First 0  AAs removed from sequence
Sequences with less than 0 AAs ignored
List of AAs taken into account:
	A C D E F G H I K L M N P Q R S T V W Y Z

Convergence criteria
Convergence test: Gelman & Rubin
Convergence criterium: Gelman Score < 0.15 
Use every 1 sample for convergence test

===================================================================================
================================= END HEADER ======================================
===================================================================================


started at: 2014-07-27 22:38:14 
using cubappr 
reading sequences from file ../rattus_norvegicus/data/rn_mgc_cds_nt.fasta 
generating list of codon position in ORFs for each AA...
generating list of number of AA occurences per ORF...
generating list of codon counts per ORF...
generate initial phi using SCUO with sd(ln(phi)) values
	- 0.5 
	- 1 
	- 2 
	- 4 
running cubappr using cubmultichain 
	 with seeds: 86009 54794 69043 16511
Loading required package: Rmpi
	4 slaves are spawned successfully. 0 failed.
Reset Cov matrix, total samples by now 201 
Reset Cov matrix, total samples by now 201 
Reset Cov matrix, total samples by now 201 
Reset Cov matrix, total samples by now 201 
Reset Cov matrix, total samples by now 401 
Reset Cov matrix, total samples by now 401 
Reset Cov matrix, total samples by now 401 
Reset Cov matrix, total samples by now 401 
Reset Cov matrix, total samples by now 601 
Reset Cov matrix, total samples by now 601 
Reset Cov matrix, total samples by now 601 
Reset Cov matrix, total samples by now 601 
Gelman score after sample: 601	1.21954051625638	 test was performed on 601 samples
Reset Cov matrix, total samples by now 801 
Reset Cov matrix, total samples by now 801 
Reset Cov matrix, total samples by now 801 
Reset Cov matrix, total samples by now 801 
Gelman score after sample: 801	1.19426110139437	 test was performed on 801 samples
Gelman score after sample: 1001	1.17855415511668	 test was performed on 1000 samples
Gelman score after sample: 1201	1.16789680970787	 test was performed on 1080 samples
Gelman score after sample: 1401	1.16029529909291	 test was performed on 1160 samples
Gelman score after sample: 1601	1.15464227598421	 test was performed on 1240 samples
Gelman score after sample: 1801	1.15028062179202	 test was performed on 1320 samples
Gelman score after sample: 2001	1.1467588272642	 test was performed on 1400 samples
Elapsed time for 4 chains doing  iterations on 4 cores was 459.45 min
process results...
saving results...
finished at: 2014-07-28 06:27:08 
