===================================================================================
================================ START HEADER =====================================
===================================================================================
Function call:
Rscript run_roc.r -c cubappr -s 0.5 1 2 4 -f ../reso_bacter/data/NAS141_genome1_curated.fasta -o ../reso_bacter/results/NAS141_withoutXobs_normprior_0_0.35/ -n nas141_without_xobs_multichain_lapply_4cores -i woxobs_pinit.csv

MCMC parameters:
Number of samples between checks: 500 
Min samples: 5000 
Max samples: 15000 
Reset QR until: 0 samples
Thining: store every 10 iteration as sample
Swap 0 % of b matrix
Swap b matrix if L1-norm is < 0 

Simulation parameters
Number of Cores 4 
Number of Chains: 4 
Parallel mode within chain: lapply 
Samples used: 1000 
First 0  AAs removed from sequence
Sequences with less than 0 AAs ignored
List of AAs taken into account:
	A C D E F G H I K L M N P Q R S T V W Y Z

Convergence criteria
Convergence test: Gelman & Rubin
Convergence criterium: Gelman Score < 0.15 
Use every 1 sample for convergence test

===================================================================================
================================= END HEADER ======================================
===================================================================================


started at: 2014-07-31 14:39:39 
using cubappr 
reading sequences from file ../reso_bacter/data/NAS141_genome1_curated.fasta 
generating list of codon position in ORFs for each AA...
generating list of number of AA occurences per ORF...
generating list of codon counts per ORF...
generate initial phi using SCUO with sd(ln(phi)) values
	- 0.5 
	- 1 
	- 2 
	- 4 
running cubappr using cubmultichain 
	 with seeds: 29199 88717 46871 60376
Loading required package: Rmpi
	4 slaves are spawned successfully. 0 failed.
Gelman score after sample: 501	1.98199884694462	 test was performed on 250 samples
Gelman score after sample: 1001	1.64994583263892	 test was performed on 500 samples
Gelman score after sample: 1501	1.54136414108747	 test was performed on 750 samples
Gelman score after sample: 2001	1.48078044221946	 test was performed on 1000 samples
Gelman score after sample: 2501	1.4416875328507	 test was performed on 1250 samples
Gelman score after sample: 3001	1.41404715726814	 test was performed on 1500 samples
Gelman score after sample: 3501	1.3930648514237	 test was performed on 1750 samples
Gelman score after sample: 4001	1.37625935122954	 test was performed on 2000 samples
Gelman score after sample: 4501	1.36292573808118	 test was performed on 2250 samples
Gelman score after sample: 5001	1.35204168715082	 test was performed on 2500 samples
Gelman score after sample: 5501	1.34290495728567	 test was performed on 2750 samples
Gelman score after sample: 6001	1.33497717580485	 test was performed on 3000 samples
Gelman score after sample: 6501	1.32833643595536	 test was performed on 3250 samples
Gelman score after sample: 7001	1.32228159392461	 test was performed on 3500 samples
Gelman score after sample: 7501	1.31688466992803	 test was performed on 3750 samples
Gelman score after sample: 8001	1.31218821811704	 test was performed on 4000 samples
Gelman score after sample: 8501	1.30797854908261	 test was performed on 4250 samples
Gelman score after sample: 9001	1.3043456089248	 test was performed on 4500 samples
Gelman score after sample: 9501	1.30111892792575	 test was performed on 4750 samples
Gelman score after sample: 10001	1.29816083790657	 test was performed on 5000 samples
Gelman score after sample: 10501	1.29547174757659	 test was performed on 5250 samples
Gelman score after sample: 11001	1.29305793429706	 test was performed on 5500 samples
Gelman score after sample: 11501	1.2908015819752	 test was performed on 5750 samples
Gelman score after sample: 12001	1.2888104758161	 test was performed on 6000 samples
Gelman score after sample: 12501	1.2868749263094	 test was performed on 6250 samples
Gelman score after sample: 13001	1.28520163052337	 test was performed on 6500 samples
Gelman score after sample: 13501	1.28365091568883	 test was performed on 6750 samples
Gelman score after sample: 14001	1.28221452698541	 test was performed on 7000 samples
Gelman score after sample: 14501	1.28088204986254	 test was performed on 7250 samples
Gelman score after sample: 15001	1.27962459029211	 test was performed on 7500 samples
Elapsed time for 4 chains doing  iterations on 4 cores was 418.16 min
process results...
saving results...
finished at: 2014-07-31 21:47:39 
