Loading required package: foreach
Loading required package: iterators
Loading required package: snow
Loading required package: lattice
===================================================================================
================================ START HEADER =====================================
===================================================================================
Function call:
Rscript run_nsef.r -c cubfits -s 0.5 1 2 4 -f ../jeremyYeast/Genome/jeremyYeast.fasta -p ../jeremyYeast/jyeast.scaled.phi.tsv -o ../results/jeremyyeast/scaledphi/ -n jeremyyeastwithPhi -i wxobs_pinit.csv

MCMC parameters:
Number of samples between checks: 1500 
Min samples: 1500 
Max samples: 1500 
Reset QR until: 0 samples
Thining: store every 5 iteration as sample
Swap 0 % of b matrix
Swap b matrix if L1-norm is < 0 

Simulation parameters
Number of Cores 20 
Number of Chains: 1 
Parallel mode within chain: mclapply 
Samples used: 300 
First 0  AAs removed from sequence
Sequences with less than 0 AAs ignored
List of AAs taken into account:
	A C D E F G H I K L M N P Q R S T V W Y Z

Convergence criteria
Convergence test: Geweke
Convergence criterium: Z Score < 0.15 
% chain used at the begining: 0.1 
% chain used at the end: 0.5 
Use every 1 sample for convergence test

Called from: top level 
===================================================================================
================================= END HEADER ======================================
===================================================================================


started at: 2015-06-10 17:20:55 
using cubfits 
reading sequences from file ../jeremyYeast/Genome/jeremyYeast.fasta 
reading gene expression measurements (Xobs) from file
 ../jeremyYeast/jyeast.scaled.phi.tsv 
and compare to ORF list from FASTA file
 ../jeremyYeast/Genome/jeremyYeast.fasta 
generating list of codon position in ORFs for each AA...
generating list of number of AA occurences per ORF...
generating list of codon counts per ORF...
generate initial phi using SCUO with sd(ln(phi)) values
	- 0.5 
running cubfits using cubsinglechain 
	 with seeds: 83580
Running in parallel mode mclapplyp.DrawScale is 0.1- b: rbind(curr.scale, curr.accept)
            [,1] [,2] [,3] [,4] [,5] [,6] [,7] [,8] [,9] [,10] [,11] [,12]
curr.scale  1.00  1.0 1.00 1.00 1.00 1.00 1.00 1.00 1.00  1.00  1.00  1.00
curr.accept 0.15  0.3 0.29 0.32 0.29 0.14 0.19 0.27 0.26  0.28  0.22  0.19
            [,13] [,14] [,15] [,16] [,17] [,18] [,19]
curr.scale   1.00  1.00   1.0  1.00  1.00  1.00  1.00
curr.accept  0.43  0.24   0.2  0.17  0.24  0.28  0.29
- b: rbind(curr.scale, curr.accept)
            [,1] [,2] [,3] [,4] [,5] [,6] [,7] [,8] [,9] [,10] [,11] [,12]
curr.scale  0.80 1.20 1.00 1.20 1.00 0.80 0.80 1.00 1.00  1.00   1.0  0.80
curr.accept 0.08 0.21 0.17 0.19 0.16 0.04 0.16 0.08 0.16  0.06   0.2  0.07
            [,13] [,14] [,15] [,16] [,17] [,18] [,19]
curr.scale   1.20  1.00  0.80  0.80  1.00  1.00  1.00
curr.accept  0.29  0.16  0.12  0.11  0.02  0.04  0.32
- b: rbind(curr.scale, curr.accept)
            [,1] [,2] [,3] [,4] [,5] [,6] [,7] [,8] [,9] [,10] [,11] [,12]
curr.scale  0.64 1.20  0.8 0.96 0.80 0.64 0.64 0.80 0.80  0.80  0.80  0.64
curr.accept 0.04 0.26  0.2 0.26 0.16 0.03 0.21 0.11 0.21  0.09  0.16  0.09
            [,13] [,14] [,15] [,16] [,17] [,18] [,19]
curr.scale   1.20   0.8  0.64  0.64  0.80   0.8  1.20
curr.accept  0.34   0.1  0.13  0.13  0.06   0.2  0.18
- var.name: b
    scale bound reached #: lower = 0, upper = 0
    ill acceptance #: none = 0, all = 0
    acceptance NOT in range #: lower = 12, upper = 1, total = 13
- var.name: p
    scale bound reached #: lower = 0, upper = 0
    ill acceptance #: none = 0, all = 0
    acceptance NOT in range #: lower = 2, upper = 0, total = 2
- var.name: phi
    scale bound reached #: lower = 0, upper = 0
    ill acceptance #: none = 0, all = 0
    acceptance NOT in range #: lower = 86, upper = 5279, total = 5365
- b: rbind(curr.scale, curr.accept)
             [,1] [,2] [,3] [,4] [,5]  [,6] [,7] [,8] [,9] [,10] [,11] [,12]
curr.scale  0.512  1.2 0.64 0.96 0.64 0.512 0.64 0.64 0.80  0.64  0.64 0.512
curr.accept 0.090  0.2 0.20 0.20 0.24 0.110 0.27 0.04 0.22  0.11  0.30 0.140
            [,13] [,14] [,15] [,16] [,17] [,18] [,19]
curr.scale   1.44  0.64 0.512 0.512  0.64  0.64  0.96
curr.accept  0.36  0.12 0.100 0.210  0.08  0.16  0.28
- var.name: b
    scale bound reached #: lower = 0, upper = 0
    ill acceptance #: none = 0, all = 0
    acceptance NOT in range #: lower = 9, upper = 1, total = 10
- var.name: p
    scale bound reached #: lower = 0, upper = 0
    ill acceptance #: none = 0, all = 0
    acceptance NOT in range #: lower = 1, upper = 1, total = 2
- var.name: phi
    scale bound reached #: lower = 0, upper = 0
    ill acceptance #: none = 0, all = 0
    acceptance NOT in range #: lower = 70, upper = 5232, total = 5302
- b: rbind(curr.scale, curr.accept)
              [,1] [,2]  [,3]  [,4] [,5]   [,6] [,7]  [,8] [,9] [,10] [,11]
curr.scale  0.4096 0.96 0.512 0.768 0.64 0.4096 0.64 0.512 0.80 0.512 0.768
curr.accept 0.1800 0.27 0.210 0.410 0.24 0.1500 0.21 0.240 0.19 0.150 0.200
             [,12] [,13] [,14]  [,15] [,16] [,17] [,18] [,19]
curr.scale  0.4096 1.728 0.512 0.4096 0.512 0.512 0.512  0.96
curr.accept 0.1600 0.210 0.290 0.2100 0.170 0.160 0.350  0.34
- var.name: b
    scale bound reached #: lower = 0, upper = 0
    ill acceptance #: none = 0, all = 0
    acceptance NOT in range #: lower = 7, upper = 3, total = 10
- var.name: p
    scale bound reached #: lower = 0, upper = 0
    ill acceptance #: none = 0, all = 0
    acceptance NOT in range #: lower = 1, upper = 0, total = 1
- var.name: phi
    scale bound reached #: lower = 0, upper = 0
    ill acceptance #: none = 0, all = 0
    acceptance NOT in range #: lower = 58, upper = 5159, total = 5217
- b: rbind(curr.scale, curr.accept)
               [,1] [,2]  [,3]   [,4] [,5]    [,6] [,7]  [,8] [,9]  [,10]
curr.scale  0.32768 0.96 0.512 0.9216 0.64 0.32768 0.64 0.512 0.64 0.4096
curr.accept 0.27000 0.41 0.340 0.2700 0.29 0.21000 0.24 0.220 0.34 0.3200
             [,11]   [,12] [,13] [,14]  [,15]  [,16]  [,17]  [,18] [,19]
curr.scale  0.6144 0.32768 1.728 0.512 0.4096 0.4096 0.4096 0.6144 1.152
curr.accept 0.3900 0.30000 0.170 0.150 0.2100 0.2100 0.2500 0.3100 0.360
- var.name: b
    scale bound reached #: lower = 0, upper = 0
    ill acceptance #: none = 0, all = 0
    acceptance NOT in range #: lower = 2, upper = 7, total = 9
- var.name: p
    scale bound reached #: lower = 0, upper = 0
    ill acceptance #: none = 0, all = 0
    acceptance NOT in range #: lower = 0, upper = 0, total = 0
- var.name: phi
    scale bound reached #: lower = 0, upper = 0
    ill acceptance #: none = 0, all = 0
    acceptance NOT in range #: lower = 83, upper = 4958, total = 5041
- b: rbind(curr.scale, curr.accept)
               [,1]  [,2]   [,3]   [,4] [,5]    [,6] [,7]  [,8]  [,9]   [,10]
curr.scale  0.32768 1.152 0.6144 0.9216 0.64 0.32768 0.64 0.512 0.768 0.49152
curr.accept 0.23000 0.290 0.2600 0.4000 0.36 0.21000 0.23 0.190 0.320 0.15000
              [,11]    [,12]  [,13]  [,14]  [,15]  [,16]  [,17]   [,18]  [,19]
curr.scale  0.73728 0.393216 1.3824 0.4096 0.4096 0.4096 0.4096 0.73728 1.3824
curr.accept 0.39000 0.280000 0.4000 0.3600 0.2700 0.3600 0.1600 0.31000 0.3000
- var.name: b
    scale bound reached #: lower = 0, upper = 0
    ill acceptance #: none = 0, all = 0
    acceptance NOT in range #: lower = 3, upper = 8, total = 11
- var.name: p
    scale bound reached #: lower = 0, upper = 0
    ill acceptance #: none = 0, all = 0
    acceptance NOT in range #: lower = 1, upper = 0, total = 1
- var.name: phi
    scale bound reached #: lower = 0, upper = 0
    ill acceptance #: none = 0, all = 0
    acceptance NOT in range #: lower = 102, upper = 4372, total = 4474
- b: rbind(curr.scale, curr.accept)
               [,1]  [,2]   [,3]    [,4]  [,5]    [,6] [,7]   [,8]   [,9]
curr.scale  0.32768 1.152 0.6144 1.10592 0.768 0.32768 0.64 0.4096 0.9216
curr.accept 0.33000 0.310 0.2100 0.22000 0.330 0.35000 0.31 0.2900 0.3100
               [,10]    [,11]    [,12]   [,13]   [,14]  [,15]   [,16]   [,17]
curr.scale  0.393216 0.884736 0.393216 1.65888 0.49152 0.4096 0.49152 0.32768
curr.accept 0.290000 0.240000 0.290000 0.29000 0.20000 0.3000 0.23000 0.38000
               [,18]   [,19]
curr.scale  0.884736 1.65888
curr.accept 0.220000 0.21000
- var.name: b
    scale bound reached #: lower = 0, upper = 0
    ill acceptance #: none = 0, all = 0
    acceptance NOT in range #: lower = 0, upper = 7, total = 7
- var.name: p
    scale bound reached #: lower = 0, upper = 0
    ill acceptance #: none = 0, all = 0
    acceptance NOT in range #: lower = 1, upper = 0, total = 1
- var.name: phi
    scale bound reached #: lower = 0, upper = 0
    ill acceptance #: none = 0, all = 0
    acceptance NOT in range #: lower = 181, upper = 3066, total = 3247
- b: rbind(curr.scale, curr.accept)
                [,1]   [,2]   [,3]    [,4]   [,5]     [,6]  [,7]   [,8]    [,9]
curr.scale  0.393216 1.3824 0.6144 1.10592 0.9216 0.393216 0.768 0.4096 1.10592
curr.accept 0.200000 0.3500 0.2600 0.41000 0.2600 0.200000 0.240 0.3400 0.18000
               [,10]    [,11]    [,12]   [,13]    [,14]   [,15]   [,16]
curr.scale  0.393216 0.884736 0.393216 1.65888 0.393216 0.49152 0.49152
curr.accept 0.180000 0.340000 0.320000 0.28000 0.350000 0.12000 0.26000
               [,17]    [,18]   [,19]
curr.scale  0.393216 0.884736 1.65888
curr.accept 0.330000 0.240000 0.18000
- var.name: b
    scale bound reached #: lower = 0, upper = 0
    ill acceptance #: none = 0, all = 0
    acceptance NOT in range #: lower = 4, upper = 7, total = 11
- var.name: p
    scale bound reached #: lower = 0, upper = 0
    ill acceptance #: none = 0, all = 0
    acceptance NOT in range #: lower = 0, upper = 0, total = 0
- var.name: phi
    scale bound reached #: lower = 0, upper = 0
    ill acceptance #: none = 0, all = 0
    acceptance NOT in range #: lower = 325, upper = 1938, total = 2263
- b: rbind(curr.scale, curr.accept)
                 [,1]    [,2]   [,3]     [,4]   [,5]      [,6]  [,7]    [,8]
curr.scale  0.3145728 1.65888 0.6144 1.327104 0.9216 0.3145728 0.768 0.49152
curr.accept 0.3000000 0.20000 0.2800 0.250000 0.2100 0.2600000 0.190 0.38000
                [,9]     [,10]    [,11]     [,12]   [,13]     [,14]    [,15]
curr.scale  0.884736 0.3145728 1.061683 0.4718592 1.65888 0.4718592 0.393216
curr.accept 0.290000 0.3100000 0.230000 0.2800000 0.42000 0.2300000 0.250000
              [,16]     [,17]    [,18]    [,19]
curr.scale  0.49152 0.4718592 0.884736 1.327104
curr.accept 0.31000 0.2800000 0.290000 0.290000
- var.name: b
    scale bound reached #: lower = 0, upper = 0
    ill acceptance #: none = 0, all = 0
    acceptance NOT in range #: lower = 1, upper = 4, total = 5
- var.name: p
    scale bound reached #: lower = 0, upper = 0
    ill acceptance #: none = 0, all = 0
    acceptance NOT in range #: lower = 0, upper = 1, total = 1
- var.name: phi
    scale bound reached #: lower = 0, upper = 0
    ill acceptance #: none = 0, all = 0
    acceptance NOT in range #: lower = 508, upper = 1397, total = 1905
- b: rbind(curr.scale, curr.accept)
                 [,1]     [,2]   [,3]     [,4]   [,5]      [,6]   [,7]     [,8]
curr.scale  0.3774874 1.327104 0.6144 1.327104 0.9216 0.3145728 0.6144 0.589824
curr.accept 0.1800000 0.330000 0.3200 0.250000 0.2000 0.3400000 0.4200 0.310000
                [,9]     [,10]    [,11]     [,12]    [,13]     [,14]    [,15]
curr.scale  0.884736 0.3774874 1.061683 0.4718592 1.990656 0.4718592 0.393216
curr.accept 0.340000 0.3000000 0.300000 0.2600000 0.320000 0.2800000 0.300000
               [,16]     [,17]    [,18]    [,19]
curr.scale  0.589824 0.4718592 0.884736 1.327104
curr.accept 0.260000 0.1500000 0.270000 0.380000
- var.name: b
    scale bound reached #: lower = 0, upper = 0
    ill acceptance #: none = 0, all = 0
    acceptance NOT in range #: lower = 2, upper = 8, total = 10
- var.name: p
    scale bound reached #: lower = 0, upper = 0
    ill acceptance #: none = 0, all = 0
    acceptance NOT in range #: lower = 1, upper = 1, total = 2
- var.name: phi
    scale bound reached #: lower = 0, upper = 0
    ill acceptance #: none = 0, all = 0
    acceptance NOT in range #: lower = 642, upper = 1097, total = 1739
- b: rbind(curr.scale, curr.accept)
                 [,1]     [,2]    [,3]     [,4]    [,5]      [,6]    [,7]
curr.scale  0.3019899 1.592525 0.73728 1.327104 0.73728 0.3774874 0.73728
curr.accept 0.3200000 0.190000 0.40000 0.230000 0.31000 0.1700000 0.33000
                 [,8]     [,9]     [,10]   [,11]     [,12]    [,13]     [,14]
curr.scale  0.7077888 1.061683 0.4529848 1.27402 0.4718592 2.388787 0.4718592
curr.accept 0.1800000 0.240000 0.2200000 0.24000 0.1900000 0.250000 0.3300000
                [,15]    [,16]     [,17]    [,18]    [,19]
curr.scale  0.4718592 0.589824 0.3774874 0.884736 1.592525
curr.accept 0.2600000 0.220000 0.4100000 0.280000 0.240000
- var.name: b
    scale bound reached #: lower = 0, upper = 0
    ill acceptance #: none = 0, all = 0
    acceptance NOT in range #: lower = 4, upper = 6, total = 10
- var.name: p
    scale bound reached #: lower = 0, upper = 0
    ill acceptance #: none = 0, all = 0
    acceptance NOT in range #: lower = 1, upper = 0, total = 1
- var.name: phi
    scale bound reached #: lower = 0, upper = 0
    ill acceptance #: none = 0, all = 0
    acceptance NOT in range #: lower = 776, upper = 994, total = 1770
- b: rbind(curr.scale, curr.accept)
                 [,1]    [,2]     [,3]     [,4]     [,5]      [,6]     [,7]
curr.scale  0.3623879 1.27402 0.884736 1.327104 0.884736 0.3019899 0.884736
curr.accept 0.3500000 0.32000 0.260000 0.230000 0.280000 0.3800000 0.290000
                [,8]     [,9]     [,10]   [,11]     [,12]    [,13]    [,14]
curr.scale  0.566231 1.061683 0.4529848 1.27402 0.3774874 2.388787 0.566231
curr.accept 0.270000 0.270000 0.2900000 0.19000 0.2800000 0.160000 0.190000
                [,15]    [,16]     [,17]    [,18]    [,19]
curr.scale  0.4718592 0.589824 0.4529848 0.884736 1.592525
curr.accept 0.3100000 0.230000 0.3500000 0.370000 0.390000
- var.name: b
    scale bound reached #: lower = 0, upper = 0
    ill acceptance #: none = 0, all = 0
    acceptance NOT in range #: lower = 3, upper = 7, total = 10
- var.name: p
    scale bound reached #: lower = 0, upper = 0
    ill acceptance #: none = 0, all = 0
    acceptance NOT in range #: lower = 0, upper = 0, total = 0
- var.name: phi
    scale bound reached #: lower = 0, upper = 0
    ill acceptance #: none = 0, all = 0
    acceptance NOT in range #: lower = 811, upper = 880, total = 1691
- b: rbind(curr.scale, curr.accept)
                 [,1]     [,2]     [,3]     [,4]     [,5]      [,6]     [,7]
curr.scale  0.4348654 1.528824 0.884736 1.327104 0.884736 0.3623879 0.884736
curr.accept 0.1800000 0.390000 0.290000 0.400000 0.270000 0.2400000 0.300000
                [,8]     [,9]     [,10]    [,11]     [,12]   [,13]     [,14]
curr.scale  0.566231 1.061683 0.4529848 1.019216 0.3774874 1.91103 0.4529848
curr.accept 0.450000 0.270000 0.2600000 0.270000 0.3300000 0.31000 0.3500000
               [,15]    [,16]     [,17]    [,18]   [,19]
curr.scale  0.566231 0.589824 0.5435818 1.061683 1.91103
curr.accept 0.230000 0.230000 0.3000000 0.250000 0.24000
- var.name: b
    scale bound reached #: lower = 0, upper = 0
    ill acceptance #: none = 0, all = 0
    acceptance NOT in range #: lower = 1, upper = 6, total = 7
- var.name: p
    scale bound reached #: lower = 0, upper = 0
    ill acceptance #: none = 0, all = 0
    acceptance NOT in range #: lower = 0, upper = 2, total = 2
- var.name: phi
    scale bound reached #: lower = 0, upper = 0
    ill acceptance #: none = 0, all = 0
    acceptance NOT in range #: lower = 876, upper = 885, total = 1761
- b: rbind(curr.scale, curr.accept)
                 [,1]     [,2]     [,3]     [,4]     [,5]      [,6]     [,7]
curr.scale  0.3478924 1.834589 0.884736 1.592525 0.884736 0.3623879 1.061683
curr.accept 0.3700000 0.260000 0.300000 0.270000 0.300000 0.3100000 0.230000
                 [,8]     [,9]     [,10]    [,11]     [,12]    [,13]     [,14]
curr.scale  0.6794772 1.061683 0.4529848 1.019216 0.4529848 2.293236 0.5435818
curr.accept 0.2300000 0.340000 0.2000000 0.220000 0.3600000 0.160000 0.3000000
               [,15]    [,16]     [,17]    [,18]   [,19]
curr.scale  0.566231 0.589824 0.6522982 1.061683 1.91103
curr.accept 0.260000 0.310000 0.1600000 0.280000 0.27000
- var.name: b
    scale bound reached #: lower = 0, upper = 0
    ill acceptance #: none = 0, all = 0
    acceptance NOT in range #: lower = 2, upper = 5, total = 7
- var.name: p
    scale bound reached #: lower = 0, upper = 0
    ill acceptance #: none = 0, all = 0
    acceptance NOT in range #: lower = 0, upper = 0, total = 0
- var.name: phi
    scale bound reached #: lower = 0, upper = 0
    ill acceptance #: none = 0, all = 0
    acceptance NOT in range #: lower = 868, upper = 932, total = 1800
- b: rbind(curr.scale, curr.accept)
                 [,1]     [,2]     [,3]     [,4]     [,5]      [,6]     [,7]
curr.scale  0.4174708 1.834589 1.061683 1.592525 1.061683 0.4348654 1.061683
curr.accept 0.3600000 0.200000 0.260000 0.340000 0.270000 0.2100000 0.310000
                 [,8]    [,9]     [,10]    [,11]     [,12]    [,13]     [,14]
curr.scale  0.6794772 1.27402 0.3623879 1.019216 0.5435818 1.834589 0.6522982
curr.accept 0.2900000 0.27000 0.2900000 0.270000 0.2300000 0.260000 0.2200000
               [,15]     [,16]     [,17]    [,18]   [,19]
curr.scale  0.566231 0.7077888 0.5218385 1.061683 1.91103
curr.accept 0.200000 0.2900000 0.3100000 0.260000 0.24000
- var.name: b
    scale bound reached #: lower = 0, upper = 0
    ill acceptance #: none = 0, all = 0
    acceptance NOT in range #: lower = 0, upper = 4, total = 4
- var.name: p
    scale bound reached #: lower = 0, upper = 0
    ill acceptance #: none = 0, all = 0
    acceptance NOT in range #: lower = 0, upper = 0, total = 0
- var.name: phi
    scale bound reached #: lower = 0, upper = 0
    ill acceptance #: none = 0, all = 0
    acceptance NOT in range #: lower = 878, upper = 895, total = 1773
- b: rbind(curr.scale, curr.accept)
                [,1]     [,2]     [,3]    [,4]     [,5]      [,6]    [,7]
curr.scale  0.500965 1.467671 1.061683 1.91103 1.061683 0.4348654 1.27402
curr.accept 0.170000 0.390000 0.250000 0.15000 0.310000 0.2200000 0.17000
                 [,8]    [,9]     [,10]    [,11]     [,12]    [,13]     [,14]
curr.scale  0.6794772 1.27402 0.3623879 1.019216 0.5435818 1.834589 0.6522982
curr.accept 0.2800000 0.24000 0.3300000 0.320000 0.2800000 0.310000 0.1600000
                [,15]     [,16]     [,17]    [,18]   [,19]
curr.scale  0.4529848 0.7077888 0.6262062 1.061683 1.91103
curr.accept 0.4000000 0.1400000 0.2700000 0.250000 0.25000
- var.name: b
    scale bound reached #: lower = 0, upper = 0
    ill acceptance #: none = 0, all = 0
    acceptance NOT in range #: lower = 5, upper = 6, total = 11
- var.name: p
    scale bound reached #: lower = 0, upper = 0
    ill acceptance #: none = 0, all = 0
    acceptance NOT in range #: lower = 2, upper = 0, total = 2
- var.name: phi
    scale bound reached #: lower = 0, upper = 0
    ill acceptance #: none = 0, all = 0
    acceptance NOT in range #: lower = 812, upper = 927, total = 1739
- b: rbind(curr.scale, curr.accept)
                [,1]     [,2]     [,3]     [,4]    [,5]      [,6]     [,7]
curr.scale  0.400772 1.761205 1.061683 1.528824 1.27402 0.4348654 1.019216
curr.accept 0.320000 0.290000 0.220000 0.260000 0.21000 0.2100000 0.310000
                 [,8]    [,9]     [,10]    [,11]     [,12]    [,13]     [,14]
curr.scale  0.6794772 1.27402 0.4348654 1.223059 0.5435818 2.201506 0.5218385
curr.accept 0.2600000 0.35000 0.1700000 0.310000 0.2000000 0.260000 0.3500000
                [,15]    [,16]     [,17]    [,18]   [,19]
curr.scale  0.5435818 0.566231 0.6262062 1.061683 1.91103
curr.accept 0.2600000 0.280000 0.1700000 0.270000 0.24000
- var.name: b
    scale bound reached #: lower = 0, upper = 0
    ill acceptance #: none = 0, all = 0
    acceptance NOT in range #: lower = 2, upper = 5, total = 7
- var.name: p
    scale bound reached #: lower = 0, upper = 0
    ill acceptance #: none = 0, all = 0
    acceptance NOT in range #: lower = 0, upper = 1, total = 1
- var.name: phi
    scale bound reached #: lower = 0, upper = 0
    ill acceptance #: none = 0, all = 0
    acceptance NOT in range #: lower = 805, upper = 918, total = 1723
- b: rbind(curr.scale, curr.accept)
                 [,1]     [,2]     [,3]     [,4]    [,5]      [,6]     [,7]
curr.scale  0.4809264 1.761205 1.061683 1.528824 1.27402 0.4348654 1.223059
curr.accept 0.2300000 0.240000 0.210000 0.290000 0.19000 0.2200000 0.180000
                 [,8]     [,9]     [,10]    [,11]     [,12]    [,13]     [,14]
curr.scale  0.6794772 1.528824 0.3478924 1.467671 0.4348654 2.201506 0.6262062
curr.accept 0.2500000 0.200000 0.4100000 0.200000 0.3100000 0.260000 0.3100000
                [,15]    [,16]    [,17]    [,18]   [,19]
curr.scale  0.5435818 0.566231 0.500965 1.061683 1.91103
curr.accept 0.2600000 0.330000 0.310000 0.300000 0.22000
- var.name: b
    scale bound reached #: lower = 0, upper = 0
    ill acceptance #: none = 0, all = 0
    acceptance NOT in range #: lower = 2, upper = 5, total = 7
- var.name: p
    scale bound reached #: lower = 0, upper = 0
    ill acceptance #: none = 0, all = 0
    acceptance NOT in range #: lower = 0, upper = 1, total = 1
- var.name: phi
    scale bound reached #: lower = 0, upper = 0
    ill acceptance #: none = 0, all = 0
    acceptance NOT in range #: lower = 858, upper = 895, total = 1753
- b: rbind(curr.scale, curr.accept)
                 [,1]     [,2]     [,3]     [,4]     [,5]      [,6]      [,7]
curr.scale  0.4809264 1.761205 1.061683 1.528824 1.019216 0.4348654 0.9784472
curr.accept 0.3300000 0.270000 0.180000 0.290000 0.260000 0.2700000 0.2900000
                 [,8]     [,9]     [,10]    [,11]     [,12]    [,13]     [,14]
curr.scale  0.6794772 1.223059 0.4174708 1.174137 0.5218385 2.201506 0.7514475
curr.accept 0.3100000 0.290000 0.3400000 0.360000 0.3000000 0.220000 0.1600000
                [,15]     [,16]    [,17]   [,18]   [,19]
curr.scale  0.5435818 0.6794772 0.601158 1.27402 1.91103
curr.accept 0.2700000 0.2100000 0.240000 0.13000 0.20000
- var.name: b
    scale bound reached #: lower = 0, upper = 0
    ill acceptance #: none = 0, all = 0
    acceptance NOT in range #: lower = 3, upper = 4, total = 7
- var.name: p
    scale bound reached #: lower = 0, upper = 0
    ill acceptance #: none = 0, all = 0
    acceptance NOT in range #: lower = 0, upper = 0, total = 0
- var.name: phi
    scale bound reached #: lower = 0, upper = 0
    ill acceptance #: none = 0, all = 0
    acceptance NOT in range #: lower = 826, upper = 924, total = 1750
- b: rbind(curr.scale, curr.accept)
                 [,1]     [,2]      [,3]     [,4]     [,5]      [,6]      [,7]
curr.scale  0.5771117 1.761205 0.8493466 1.528824 1.019216 0.4348654 0.9784472
curr.accept 0.2000000 0.320000 0.3800000 0.290000 0.210000 0.3900000 0.3200000
                 [,8]     [,9]    [,10]    [,11]     [,12]    [,13]    [,14]
curr.scale  0.8153727 1.223059 0.500965 1.408964 0.6262062 2.201506 0.601158
curr.accept 0.2500000 0.200000 0.340000 0.280000 0.1500000 0.320000 0.260000
                [,15]     [,16]    [,17]    [,18]    [,19]
curr.scale  0.5435818 0.6794772 0.601158 1.019216 1.528824
curr.accept 0.3000000 0.2100000 0.370000 0.240000 0.380000
- var.name: b
    scale bound reached #: lower = 0, upper = 0
    ill acceptance #: none = 0, all = 0
    acceptance NOT in range #: lower = 1, upper = 8, total = 9
- var.name: p
    scale bound reached #: lower = 0, upper = 0
    ill acceptance #: none = 0, all = 0
    acceptance NOT in range #: lower = 0, upper = 0, total = 0
- var.name: phi
    scale bound reached #: lower = 0, upper = 0
    ill acceptance #: none = 0, all = 0
    acceptance NOT in range #: lower = 834, upper = 881, total = 1715
- b: rbind(curr.scale, curr.accept)
                 [,1]     [,2]     [,3]     [,4]     [,5]      [,6]     [,7]
curr.scale  0.4616893 2.113446 1.019216 1.528824 1.019216 0.5218385 1.174137
curr.accept 0.2300000 0.210000 0.320000 0.280000 0.170000 0.2100000 0.250000
                 [,8]      [,9]    [,10]    [,11]    [,12]    [,13]    [,14]
curr.scale  0.8153727 0.9784472 0.601158 1.408964 0.500965 2.641808 0.601158
curr.accept 0.2400000 0.3500000 0.080000 0.220000 0.340000 0.220000 0.260000
                [,15]     [,16]     [,17]    [,18]    [,19]
curr.scale  0.6522982 0.6794772 0.7213896 1.019216 1.834589
curr.accept 0.2000000 0.2600000 0.2300000 0.270000 0.350000
- var.name: b
    scale bound reached #: lower = 0, upper = 0
    ill acceptance #: none = 0, all = 0
    acceptance NOT in range #: lower = 2, upper = 4, total = 6
- var.name: p
    scale bound reached #: lower = 0, upper = 0
    ill acceptance #: none = 0, all = 0
    acceptance NOT in range #: lower = 0, upper = 1, total = 1
- var.name: phi
    scale bound reached #: lower = 0, upper = 0
    ill acceptance #: none = 0, all = 0
    acceptance NOT in range #: lower = 794, upper = 903, total = 1697
- b: rbind(curr.scale, curr.accept)
                 [,1]     [,2]     [,3]     [,4]      [,5]      [,6]     [,7]
curr.scale  0.4616893 2.113446 1.223059 1.528824 0.8153727 0.5218385 1.174137
curr.accept 0.2800000 0.180000 0.170000 0.260000 0.4200000 0.1300000 0.240000
                 [,8]     [,9]     [,10]    [,11]    [,12]    [,13]    [,14]
curr.scale  0.8153727 1.174137 0.4809264 1.408964 0.601158 2.641808 0.601158
curr.accept 0.2200000 0.280000 0.3100000 0.280000 0.180000 0.260000 0.300000
                [,15]     [,16]     [,17]    [,18]    [,19]
curr.scale  0.5218385 0.6794772 0.7213896 1.019216 2.201506
curr.accept 0.3600000 0.2400000 0.1700000 0.300000 0.200000
- var.name: b
    scale bound reached #: lower = 0, upper = 0
    ill acceptance #: none = 0, all = 0
    acceptance NOT in range #: lower = 5, upper = 3, total = 8
- var.name: p
    scale bound reached #: lower = 0, upper = 0
    ill acceptance #: none = 0, all = 0
    acceptance NOT in range #: lower = 2, upper = 0, total = 2
- var.name: phi
    scale bound reached #: lower = 0, upper = 0
    ill acceptance #: none = 0, all = 0
    acceptance NOT in range #: lower = 835, upper = 980, total = 1815
- b: rbind(curr.scale, curr.accept)
                 [,1]     [,2]      [,3]     [,4]      [,5]      [,6]     [,7]
curr.scale  0.4616893 1.690757 0.9784472 1.528824 0.9784472 0.4174708 1.174137
curr.accept 0.3500000 0.270000 0.3200000 0.290000 0.2600000 0.3100000 0.250000
                 [,8]     [,9]     [,10]    [,11]     [,12]    [,13]     [,14]
curr.scale  0.8153727 1.174137 0.5771117 1.408964 0.4809264 2.641808 0.7213896
curr.accept 0.3500000 0.280000 0.1700000 0.200000 0.2700000 0.280000 0.2000000
                [,15]     [,16]     [,17]    [,18]    [,19]
curr.scale  0.6262062 0.6794772 0.5771117 1.223059 1.761205
curr.accept 0.2600000 0.3000000 0.2800000 0.200000 0.300000
- var.name: b
    scale bound reached #: lower = 0, upper = 0
    ill acceptance #: none = 0, all = 0
    acceptance NOT in range #: lower = 1, upper = 4, total = 5
- var.name: p
    scale bound reached #: lower = 0, upper = 0
    ill acceptance #: none = 0, all = 0
    acceptance NOT in range #: lower = 0, upper = 1, total = 1
- var.name: phi
    scale bound reached #: lower = 0, upper = 0
    ill acceptance #: none = 0, all = 0
    acceptance NOT in range #: lower = 759, upper = 934, total = 1693
- b: rbind(curr.scale, curr.accept)
                 [,1]     [,2]     [,3]     [,4]      [,5]     [,6]     [,7]
curr.scale  0.5540272 1.690757 1.174137 1.528824 0.9784472 0.500965 1.174137
curr.accept 0.2700000 0.290000 0.240000 0.390000 0.2600000 0.280000 0.280000
                 [,8]     [,9]     [,10]    [,11]     [,12]    [,13]     [,14]
curr.scale  0.9784472 1.174137 0.4616893 1.127171 0.4809264 2.641808 0.5771117
curr.accept 0.2000000 0.310000 0.2500000 0.400000 0.3400000 0.300000 0.2100000
                [,15]     [,16]     [,17]     [,18]    [,19]
curr.scale  0.6262062 0.8153727 0.5771117 0.9784472 2.113446
curr.accept 0.2900000 0.1700000 0.3300000 0.1900000 0.190000
- var.name: b
    scale bound reached #: lower = 0, upper = 0
    ill acceptance #: none = 0, all = 0
    acceptance NOT in range #: lower = 3, upper = 5, total = 8
- var.name: p
    scale bound reached #: lower = 0, upper = 0
    ill acceptance #: none = 0, all = 0
    acceptance NOT in range #: lower = 0, upper = 0, total = 0
- var.name: phi
    scale bound reached #: lower = 0, upper = 0
    ill acceptance #: none = 0, all = 0
    acceptance NOT in range #: lower = 797, upper = 929, total = 1726
- b: rbind(curr.scale, curr.accept)
                 [,1]     [,2]     [,3]     [,4]      [,5]     [,6]     [,7]
curr.scale  0.5540272 1.690757 1.174137 1.834589 0.9784472 0.500965 1.174137
curr.accept 0.2800000 0.270000 0.210000 0.260000 0.3900000 0.320000 0.290000
                 [,8]     [,9]     [,10]    [,11]     [,12]    [,13]     [,14]
curr.scale  0.7827578 1.408964 0.4616893 1.352605 0.5771117 3.170169 0.5771117
curr.accept 0.2800000 0.220000 0.2900000 0.200000 0.2500000 0.190000 0.2900000
                [,15]     [,16]    [,17]     [,18]    [,19]
curr.scale  0.6262062 0.6522982 0.692534 0.7827578 1.690757
curr.accept 0.2300000 0.2400000 0.230000 0.4500000 0.320000
- var.name: b
    scale bound reached #: lower = 0, upper = 0
    ill acceptance #: none = 0, all = 0
    acceptance NOT in range #: lower = 1, upper = 4, total = 5
- var.name: p
    scale bound reached #: lower = 0, upper = 0
    ill acceptance #: none = 0, all = 0
    acceptance NOT in range #: lower = 0, upper = 0, total = 0
- var.name: phi
    scale bound reached #: lower = 0, upper = 0
    ill acceptance #: none = 0, all = 0
    acceptance NOT in range #: lower = 815, upper = 904, total = 1719
- b: rbind(curr.scale, curr.accept)
                 [,1]     [,2]     [,3]     [,4]     [,5]     [,6]     [,7]
curr.scale  0.5540272 1.690757 1.174137 1.834589 1.174137 0.601158 1.174137
curr.accept 0.2500000 0.320000 0.250000 0.390000 0.270000 0.200000 0.300000
                 [,8]     [,9]     [,10]    [,11]     [,12]    [,13]     [,14]
curr.scale  0.7827578 1.408964 0.4616893 1.082084 0.5771117 2.536135 0.5771117
curr.accept 0.3000000 0.320000 0.3000000 0.340000 0.2800000 0.260000 0.3600000
                [,15]     [,16]    [,17]     [,18]    [,19]
curr.scale  0.6262062 0.6522982 0.692534 0.9393093 2.028908
curr.accept 0.2500000 0.2800000 0.270000 0.3700000 0.220000
- var.name: b
    scale bound reached #: lower = 0, upper = 0
    ill acceptance #: none = 0, all = 0
    acceptance NOT in range #: lower = 0, upper = 6, total = 6
- var.name: p
    scale bound reached #: lower = 0, upper = 0
    ill acceptance #: none = 0, all = 0
    acceptance NOT in range #: lower = 0, upper = 0, total = 0
- var.name: phi
    scale bound reached #: lower = 0, upper = 0
    ill acceptance #: none = 0, all = 0
    acceptance NOT in range #: lower = 827, upper = 931, total = 1758
- b: rbind(curr.scale, curr.accept)
                 [,1]     [,2]     [,3]     [,4]     [,5]      [,6]     [,7]
curr.scale  0.5540272 2.028908 1.174137 2.201506 1.174137 0.4809264 1.408964
curr.accept 0.1800000 0.210000 0.170000 0.130000 0.340000 0.2700000 0.220000
                 [,8]     [,9]     [,10]    [,11]     [,12]    [,13]    [,14]
curr.scale  0.9393093 1.690757 0.5540272 1.298501 0.5771117 2.536135 0.692534
curr.accept 0.1900000 0.180000 0.2700000 0.250000 0.1900000 0.240000 0.240000
                [,15]     [,16]    [,17]    [,18]    [,19]
curr.scale  0.6262062 0.6522982 0.692534 1.127171 2.028908
curr.accept 0.2300000 0.2600000 0.210000 0.270000 0.290000
- var.name: b
    scale bound reached #: lower = 0, upper = 0
    ill acceptance #: none = 0, all = 0
    acceptance NOT in range #: lower = 6, upper = 1, total = 7
- var.name: p
    scale bound reached #: lower = 0, upper = 0
    ill acceptance #: none = 0, all = 0
    acceptance NOT in range #: lower = 0, upper = 0, total = 0
- var.name: phi
    scale bound reached #: lower = 0, upper = 0
    ill acceptance #: none = 0, all = 0
    acceptance NOT in range #: lower = 822, upper = 965, total = 1787
- b: rbind(curr.scale, curr.accept)
                 [,1]     [,2]      [,3]     [,4]     [,5]      [,6]     [,7]
curr.scale  0.4432218 2.028908 0.9393093 1.761205 1.408964 0.4809264 1.408964
curr.accept 0.3000000 0.310000 0.2300000 0.210000 0.240000 0.2800000 0.200000
                 [,8]     [,9]     [,10]    [,11]     [,12]    [,13]    [,14]
curr.scale  0.7514475 1.352605 0.5540272 1.298501 0.4616893 2.536135 0.692534
curr.accept 0.3900000 0.270000 0.1900000 0.280000 0.3400000 0.230000 0.190000
                [,15]     [,16]    [,17]    [,18]    [,19]
curr.scale  0.6262062 0.6522982 0.692534 1.127171 2.028908
curr.accept 0.3000000 0.3800000 0.260000 0.240000 0.310000
- var.name: b
    scale bound reached #: lower = 0, upper = 0
    ill acceptance #: none = 0, all = 0
    acceptance NOT in range #: lower = 2, upper = 5, total = 7
- var.name: p
    scale bound reached #: lower = 0, upper = 0
    ill acceptance #: none = 0, all = 0
    acceptance NOT in range #: lower = 0, upper = 0, total = 0
- var.name: phi
    scale bound reached #: lower = 0, upper = 0
    ill acceptance #: none = 0, all = 0
    acceptance NOT in range #: lower = 720, upper = 1050, total = 1770
- b: rbind(curr.scale, curr.accept)
                 [,1]    [,2]      [,3]     [,4]     [,5]      [,6]     [,7]
curr.scale  0.5318661 2.43469 0.9393093 1.761205 1.408964 0.4809264 1.127171
curr.accept 0.1800000 0.23000 0.3300000 0.180000 0.160000 0.3200000 0.240000
                [,8]     [,9]     [,10]    [,11]     [,12]    [,13]     [,14]
curr.scale  0.901737 1.352605 0.4432218 1.298501 0.5540272 2.536135 0.5540272
curr.accept 0.280000 0.240000 0.3200000 0.300000 0.2200000 0.280000 0.3100000
                [,15]     [,16]    [,17]    [,18]   [,19]
curr.scale  0.7514475 0.7827578 0.692534 1.127171 2.43469
curr.accept 0.2400000 0.2000000 0.220000 0.240000 0.28000
- var.name: b
    scale bound reached #: lower = 0, upper = 0
    ill acceptance #: none = 0, all = 0
    acceptance NOT in range #: lower = 3, upper = 4, total = 7
- var.name: p
    scale bound reached #: lower = 0, upper = 0
    ill acceptance #: none = 0, all = 0
    acceptance NOT in range #: lower = 0, upper = 0, total = 0
- var.name: phi
    scale bound reached #: lower = 0, upper = 0
    ill acceptance #: none = 0, all = 0
    acceptance NOT in range #: lower = 772, upper = 972, total = 1744
- b: rbind(curr.scale, curr.accept)
                 [,1]    [,2]     [,3]     [,4]     [,5]      [,6]     [,7]
curr.scale  0.4254929 2.43469 1.127171 1.408964 1.127171 0.5771117 1.127171
curr.accept 0.3700000 0.22000 0.190000 0.390000 0.350000 0.2600000 0.370000
                [,8]     [,9]     [,10]    [,11]     [,12]    [,13]     [,14]
curr.scale  0.901737 1.352605 0.5318661 1.558201 0.5540272 2.536135 0.6648326
curr.accept 0.320000 0.200000 0.2100000 0.180000 0.2200000 0.180000 0.2400000
                [,15]     [,16]    [,17]    [,18]   [,19]
curr.scale  0.7514475 0.6262062 0.692534 1.127171 2.43469
curr.accept 0.1800000 0.3500000 0.240000 0.320000 0.21000
- var.name: b
    scale bound reached #: lower = 0, upper = 0
    ill acceptance #: none = 0, all = 0
    acceptance NOT in range #: lower = 4, upper = 7, total = 11
- var.name: p
    scale bound reached #: lower = 0, upper = 0
    ill acceptance #: none = 0, all = 0
    acceptance NOT in range #: lower = 0, upper = 1, total = 1
- var.name: phi
    scale bound reached #: lower = 0, upper = 0
    ill acceptance #: none = 0, all = 0
    acceptance NOT in range #: lower = 716, upper = 1037, total = 1753
- b: rbind(curr.scale, curr.accept)
                 [,1]    [,2]     [,3]     [,4]     [,5]      [,6]     [,7]
curr.scale  0.5105915 2.43469 0.901737 1.690757 1.352605 0.5771117 1.352605
curr.accept 0.2200000 0.17000 0.320000 0.290000 0.220000 0.1800000 0.250000
                [,8]     [,9]     [,10]    [,11]     [,12]    [,13]     [,14]
curr.scale  1.082084 1.082084 0.5318661 1.246561 0.5540272 2.028908 0.6648326
curr.accept 0.250000 0.380000 0.2600000 0.280000 0.3800000 0.360000 0.2000000
               [,15]     [,16]    [,17]    [,18]   [,19]
curr.scale  0.601158 0.7514475 0.692534 1.352605 2.43469
curr.accept 0.380000 0.2500000 0.190000 0.250000 0.23000
- var.name: b
    scale bound reached #: lower = 0, upper = 0
    ill acceptance #: none = 0, all = 0
    acceptance NOT in range #: lower = 3, upper = 5, total = 8
- var.name: p
    scale bound reached #: lower = 0, upper = 0
    ill acceptance #: none = 0, all = 0
    acceptance NOT in range #: lower = 1, upper = 0, total = 1
- var.name: phi
    scale bound reached #: lower = 0, upper = 0
    ill acceptance #: none = 0, all = 0
    acceptance NOT in range #: lower = 752, upper = 1034, total = 1786
- b: rbind(curr.scale, curr.accept)
                 [,1]     [,2]     [,3]     [,4]     [,5]      [,6]     [,7]
curr.scale  0.5105915 1.947752 1.082084 1.690757 1.352605 0.4616893 1.352605
curr.accept 0.2400000 0.260000 0.240000 0.310000 0.220000 0.2300000 0.190000
                [,8]     [,9]     [,10]    [,11]     [,12]   [,13]     [,14]
curr.scale  1.082084 1.298501 0.5318661 1.246561 0.6648326 2.43469 0.5318661
curr.accept 0.160000 0.290000 0.1500000 0.280000 0.1100000 0.33000 0.4100000
                [,15]     [,16]     [,17]    [,18]   [,19]
curr.scale  0.7213896 0.7514475 0.5540272 1.352605 2.43469
curr.accept 0.2200000 0.2400000 0.1600000 0.180000 0.28000
- var.name: b
    scale bound reached #: lower = 0, upper = 0
    ill acceptance #: none = 0, all = 0
    acceptance NOT in range #: lower = 6, upper = 3, total = 9
- var.name: p
    scale bound reached #: lower = 0, upper = 0
    ill acceptance #: none = 0, all = 0
    acceptance NOT in range #: lower = 0, upper = 1, total = 1
- var.name: phi
    scale bound reached #: lower = 0, upper = 0
    ill acceptance #: none = 0, all = 0
    acceptance NOT in range #: lower = 766, upper = 987, total = 1753
- b: rbind(curr.scale, curr.accept)
                 [,1]     [,2]     [,3]     [,4]     [,5]      [,6]     [,7]
curr.scale  0.5105915 1.947752 1.082084 2.028908 1.352605 0.4616893 1.082084
curr.accept 0.3200000 0.290000 0.200000 0.280000 0.240000 0.2800000 0.220000
                 [,8]     [,9]     [,10]    [,11]     [,12]    [,13]     [,14]
curr.scale  0.8656675 1.298501 0.4254929 1.246561 0.5318661 2.921628 0.6382393
curr.accept 0.2700000 0.330000 0.2700000 0.290000 0.3400000 0.270000 0.2800000
                [,15]     [,16]     [,17]    [,18]   [,19]
curr.scale  0.7213896 0.7514475 0.4432218 1.082084 2.43469
curr.accept 0.2100000 0.1800000 0.4500000 0.350000 0.21000
- var.name: b
    scale bound reached #: lower = 0, upper = 0
    ill acceptance #: none = 0, all = 0
    acceptance NOT in range #: lower = 1, upper = 5, total = 6
- var.name: p
    scale bound reached #: lower = 0, upper = 0
    ill acceptance #: none = 0, all = 0
    acceptance NOT in range #: lower = 0, upper = 0, total = 0
- var.name: phi
    scale bound reached #: lower = 0, upper = 0
    ill acceptance #: none = 0, all = 0
    acceptance NOT in range #: lower = 692, upper = 1016, total = 1708
- b: rbind(curr.scale, curr.accept)
                 [,1]     [,2]      [,3]     [,4]     [,5]      [,6]     [,7]
curr.scale  0.6127098 1.947752 0.8656675 2.028908 1.352605 0.4616893 1.082084
curr.accept 0.1900000 0.310000 0.3100000 0.200000 0.130000 0.3100000 0.310000
                 [,8]     [,9]     [,10]    [,11]     [,12]    [,13]     [,14]
curr.scale  0.8656675 1.558201 0.4254929 1.246561 0.6382393 2.921628 0.6382393
curr.accept 0.2400000 0.240000 0.3400000 0.310000 0.1900000 0.190000 0.2900000
                [,15]    [,16]     [,17]    [,18]   [,19]
curr.scale  0.7213896 0.601158 0.5318661 1.298501 2.43469
curr.accept 0.3000000 0.350000 0.3700000 0.220000 0.20000
- var.name: b
    scale bound reached #: lower = 0, upper = 0
    ill acceptance #: none = 0, all = 0
    acceptance NOT in range #: lower = 4, upper = 8, total = 12
- var.name: p
    scale bound reached #: lower = 0, upper = 0
    ill acceptance #: none = 0, all = 0
    acceptance NOT in range #: lower = 0, upper = 1, total = 1
- var.name: phi
    scale bound reached #: lower = 0, upper = 0
    ill acceptance #: none = 0, all = 0
    acceptance NOT in range #: lower = 739, upper = 986, total = 1725
- b: rbind(curr.scale, curr.accept)
                 [,1]     [,2]     [,3]     [,4]     [,5]      [,6]     [,7]
curr.scale  0.4901678 2.337302 1.038801 1.623127 1.082084 0.5540272 1.298501
curr.accept 0.2900000 0.300000 0.310000 0.330000 0.300000 0.1800000 0.220000
                 [,8]     [,9]     [,10]    [,11]     [,12]    [,13]     [,14]
curr.scale  0.8656675 1.558201 0.5105915 1.495873 0.5105915 2.337302 0.6382393
curr.accept 0.1700000 0.190000 0.2200000 0.160000 0.3300000 0.320000 0.3600000
                [,15]     [,16]     [,17]    [,18]    [,19]
curr.scale  0.8656675 0.7213896 0.6382393 1.298501 1.947752
curr.accept 0.0700000 0.2600000 0.2400000 0.180000 0.270000
- var.name: b
    scale bound reached #: lower = 0, upper = 0
    ill acceptance #: none = 0, all = 0
    acceptance NOT in range #: lower = 6, upper = 5, total = 11
- var.name: p
    scale bound reached #: lower = 0, upper = 0
    ill acceptance #: none = 0, all = 0
    acceptance NOT in range #: lower = 1, upper = 1, total = 2
- var.name: phi
    scale bound reached #: lower = 0, upper = 0
    ill acceptance #: none = 0, all = 0
    acceptance NOT in range #: lower = 796, upper = 977, total = 1773
- b: rbind(curr.scale, curr.accept)
                 [,1]     [,2]     [,3]     [,4]     [,5]      [,6]     [,7]
curr.scale  0.4901678 2.804763 1.246561 1.947752 1.298501 0.4432218 1.298501
curr.accept 0.3300000 0.150000 0.210000 0.220000 0.190000 0.2900000 0.240000
                [,8]     [,9]     [,10]    [,11]     [,12]    [,13]     [,14]
curr.scale  0.692534 1.246561 0.5105915 1.196699 0.6127098 2.804763 0.7658872
curr.accept 0.320000 0.250000 0.2800000 0.390000 0.2500000 0.250000 0.1500000
               [,15]     [,16]     [,17]    [,18]    [,19]
curr.scale  0.692534 0.7213896 0.6382393 1.038801 1.947752
curr.accept 0.220000 0.1600000 0.2900000 0.320000 0.240000
- var.name: b
    scale bound reached #: lower = 0, upper = 0
    ill acceptance #: none = 0, all = 0
    acceptance NOT in range #: lower = 4, upper = 4, total = 8
- var.name: p
    scale bound reached #: lower = 0, upper = 0
    ill acceptance #: none = 0, all = 0
    acceptance NOT in range #: lower = 0, upper = 0, total = 0
- var.name: phi
    scale bound reached #: lower = 0, upper = 0
    ill acceptance #: none = 0, all = 0
    acceptance NOT in range #: lower = 777, upper = 946, total = 1723
- b: rbind(curr.scale, curr.accept)
                 [,1]    [,2]     [,3]     [,4]     [,5]      [,6]     [,7]
curr.scale  0.5882014 2.24381 1.246561 1.947752 1.038801 0.4432218 1.298501
curr.accept 0.2000000 0.25000 0.200000 0.220000 0.320000 0.3300000 0.270000
                 [,8]     [,9]     [,10]    [,11]     [,12]    [,13]     [,14]
curr.scale  0.8310408 1.246561 0.5105915 1.436038 0.6127098 2.804763 0.6127098
curr.accept 0.1900000 0.320000 0.2100000 0.270000 0.2500000 0.240000 0.3300000
               [,15]     [,16]     [,17]    [,18]    [,19]
curr.scale  0.692534 0.5771117 0.6382393 1.246561 1.947752
curr.accept 0.270000 0.2900000 0.1800000 0.320000 0.340000
- var.name: b
    scale bound reached #: lower = 0, upper = 0
    ill acceptance #: none = 0, all = 0
    acceptance NOT in range #: lower = 2, upper = 6, total = 8
- var.name: p
    scale bound reached #: lower = 0, upper = 0
    ill acceptance #: none = 0, all = 0
    acceptance NOT in range #: lower = 0, upper = 1, total = 1
- var.name: phi
    scale bound reached #: lower = 0, upper = 0
    ill acceptance #: none = 0, all = 0
    acceptance NOT in range #: lower = 813, upper = 963, total = 1776
- b: rbind(curr.scale, curr.accept)
                 [,1]    [,2]     [,3]     [,4]     [,5]      [,6]     [,7]
curr.scale  0.4705611 2.24381 0.997249 1.947752 1.246561 0.5318661 1.298501
curr.accept 0.3000000 0.20000 0.270000 0.260000 0.240000 0.1400000 0.210000
                 [,8]     [,9]     [,10]    [,11]     [,12]    [,13]     [,14]
curr.scale  0.6648326 1.495873 0.5105915 1.436038 0.6127098 2.804763 0.7352517
curr.accept 0.2400000 0.220000 0.2900000 0.230000 0.2500000 0.250000 0.2300000
               [,15]     [,16]     [,17]    [,18]    [,19]
curr.scale  0.692534 0.5771117 0.5105915 1.495873 2.337302
curr.accept 0.210000 0.3400000 0.3100000 0.160000 0.200000
- var.name: b
    scale bound reached #: lower = 0, upper = 0
    ill acceptance #: none = 0, all = 0
    acceptance NOT in range #: lower = 2, upper = 2, total = 4
- var.name: p
    scale bound reached #: lower = 0, upper = 0
    ill acceptance #: none = 0, all = 0
    acceptance NOT in range #: lower = 1, upper = 0, total = 1
- var.name: phi
    scale bound reached #: lower = 0, upper = 0
    ill acceptance #: none = 0, all = 0
    acceptance NOT in range #: lower = 806, upper = 920, total = 1726
- b: rbind(curr.scale, curr.accept)
                 [,1]     [,2]     [,3]     [,4]     [,5]      [,6]     [,7]
curr.scale  0.5646733 1.795048 0.997249 1.947752 1.246561 0.4254929 1.298501
curr.accept 0.1800000 0.220000 0.250000 0.120000 0.270000 0.2700000 0.170000
                 [,8]     [,9]     [,10]    [,11]     [,12]    [,13]     [,14]
curr.scale  0.6648326 1.495873 0.5105915 1.436038 0.6127098 2.804763 0.7352517
curr.accept 0.3700000 0.270000 0.2400000 0.240000 0.2100000 0.310000 0.1300000
               [,15]    [,16]     [,17]    [,18]    [,19]
curr.scale  0.692534 0.692534 0.6127098 1.196699 1.869842
curr.accept 0.310000 0.260000 0.2600000 0.330000 0.320000
- var.name: b
    scale bound reached #: lower = 0, upper = 0
    ill acceptance #: none = 0, all = 0
    acceptance NOT in range #: lower = 4, upper = 5, total = 9
- var.name: p
    scale bound reached #: lower = 0, upper = 0
    ill acceptance #: none = 0, all = 0
    acceptance NOT in range #: lower = 0, upper = 0, total = 0
- var.name: phi
    scale bound reached #: lower = 0, upper = 0
    ill acceptance #: none = 0, all = 0
    acceptance NOT in range #: lower = 748, upper = 1002, total = 1750
- b: rbind(curr.scale, curr.accept)
                 [,1]     [,2]     [,3]     [,4]     [,5]      [,6]     [,7]
curr.scale  0.4517386 1.795048 0.997249 1.558201 1.246561 0.4254929 1.038801
curr.accept 0.3100000 0.360000 0.340000 0.310000 0.250000 0.3700000 0.300000
                 [,8]     [,9]     [,10]    [,11]     [,12]    [,13]     [,14]
curr.scale  0.7977992 1.495873 0.5105915 1.436038 0.6127098 3.365715 0.5882014
curr.accept 0.2900000 0.220000 0.2100000 0.320000 0.2400000 0.250000 0.3400000
                [,15]    [,16]     [,17]    [,18]   [,19]
curr.scale  0.8310408 0.692534 0.6127098 1.436038 2.24381
curr.accept 0.1800000 0.230000 0.2400000 0.160000 0.34000
- var.name: b
    scale bound reached #: lower = 0, upper = 0
    ill acceptance #: none = 0, all = 0
    acceptance NOT in range #: lower = 2, upper = 8, total = 10
- var.name: p
    scale bound reached #: lower = 0, upper = 0
    ill acceptance #: none = 0, all = 0
    acceptance NOT in range #: lower = 0, upper = 0, total = 0
- var.name: phi
    scale bound reached #: lower = 0, upper = 0
    ill acceptance #: none = 0, all = 0
    acceptance NOT in range #: lower = 734, upper = 958, total = 1692
- b: rbind(curr.scale, curr.accept)
                 [,1]     [,2]     [,3]     [,4]     [,5]      [,6]     [,7]
curr.scale  0.5420864 2.154058 1.196699 1.869842 1.246561 0.5105915 1.246561
curr.accept 0.2600000 0.250000 0.210000 0.420000 0.280000 0.3200000 0.250000
                 [,8]     [,9]     [,10]    [,11]     [,12]    [,13]     [,14]
curr.scale  0.7977992 1.495873 0.5105915 1.723246 0.6127098 3.365715 0.7058416
curr.accept 0.3300000 0.300000 0.1800000 0.220000 0.2000000 0.190000 0.3500000
                [,15]    [,16]     [,17]    [,18]    [,19]
curr.scale  0.6648326 0.692534 0.6127098 1.148831 2.692572
curr.accept 0.3000000 0.340000 0.2900000 0.200000 0.200000
- var.name: b
    scale bound reached #: lower = 0, upper = 0
    ill acceptance #: none = 0, all = 0
    acceptance NOT in range #: lower = 2, upper = 5, total = 7
- var.name: p
    scale bound reached #: lower = 0, upper = 0
    ill acceptance #: none = 0, all = 0
    acceptance NOT in range #: lower = 0, upper = 0, total = 0
- var.name: phi
    scale bound reached #: lower = 0, upper = 0
    ill acceptance #: none = 0, all = 0
    acceptance NOT in range #: lower = 815, upper = 976, total = 1791
- b: rbind(curr.scale, curr.accept)
                 [,1]     [,2]     [,3]    [,4]     [,5]      [,6]     [,7]
curr.scale  0.5420864 2.154058 1.196699 2.24381 1.246561 0.6127098 1.246561
curr.accept 0.2300000 0.290000 0.200000 0.24000 0.250000 0.1900000 0.200000
                [,8]     [,9]     [,10]    [,11]     [,12]    [,13]   [,14]
curr.scale  0.957359 1.795048 0.4084732 1.723246 0.4901678 2.692572 0.84701
curr.accept 0.270000 0.250000 0.3500000 0.140000 0.3700000 0.250000 0.21000
                [,15]     [,16]     [,17]     [,18]    [,19]
curr.scale  0.7977992 0.8310408 0.6127098 0.9190646 2.154058
curr.accept 0.3000000 0.2600000 0.3400000 0.3800000 0.280000
- var.name: b
    scale bound reached #: lower = 0, upper = 0
    ill acceptance #: none = 0, all = 0
    acceptance NOT in range #: lower = 2, upper = 4, total = 6
- var.name: p
    scale bound reached #: lower = 0, upper = 0
    ill acceptance #: none = 0, all = 0
    acceptance NOT in range #: lower = 0, upper = 0, total = 0
- var.name: phi
    scale bound reached #: lower = 0, upper = 0
    ill acceptance #: none = 0, all = 0
    acceptance NOT in range #: lower = 732, upper = 966, total = 1698
- b: rbind(curr.scale, curr.accept)
                 [,1]     [,2]     [,3]    [,4]     [,5]      [,6]     [,7]
curr.scale  0.5420864 2.154058 0.957359 2.24381 1.246561 0.4901678 0.997249
curr.accept 0.2400000 0.230000 0.350000 0.20000 0.260000 0.3000000 0.340000
                [,8]     [,9]     [,10]    [,11]     [,12]    [,13]   [,14]
curr.scale  0.957359 1.795048 0.4901678 1.378597 0.5882014 2.692572 0.84701
curr.accept 0.190000 0.170000 0.2200000 0.310000 0.2300000 0.200000 0.17000
               [,15]     [,16]     [,17]    [,18]    [,19]
curr.scale  0.957359 0.8310408 0.7352517 1.102878 2.154058
curr.accept 0.160000 0.0900000 0.2400000 0.290000 0.220000
- var.name: b
    scale bound reached #: lower = 0, upper = 0
    ill acceptance #: none = 0, all = 0
    acceptance NOT in range #: lower = 5, upper = 3, total = 8
- var.name: p
    scale bound reached #: lower = 0, upper = 0
    ill acceptance #: none = 0, all = 0
    acceptance NOT in range #: lower = 0, upper = 0, total = 0
- var.name: phi
    scale bound reached #: lower = 0, upper = 0
    ill acceptance #: none = 0, all = 0
    acceptance NOT in range #: lower = 723, upper = 1019, total = 1742
- b: rbind(curr.scale, curr.accept)
                 [,1]     [,2]     [,3]     [,4]     [,5]      [,6]     [,7]
curr.scale  0.5420864 2.154058 1.148831 1.795048 1.246561 0.5882014 1.196699
curr.accept 0.3000000 0.150000 0.300000 0.330000 0.230000 0.2700000 0.240000
                 [,8]     [,9]     [,10]    [,11]     [,12]    [,13]    [,14]
curr.scale  0.7658872 1.436038 0.4901678 1.654316 0.5882014 2.154058 0.677608
curr.accept 0.2100000 0.330000 0.3000000 0.250000 0.1600000 0.260000 0.370000
                [,15]     [,16]     [,17]    [,18]    [,19]
curr.scale  0.7658872 0.6648326 0.7352517 1.102878 2.154058
curr.accept 0.1600000 0.2400000 0.1700000 0.290000 0.200000
- var.name: b
    scale bound reached #: lower = 0, upper = 0
    ill acceptance #: none = 0, all = 0
    acceptance NOT in range #: lower = 4, upper = 3, total = 7
- var.name: p
    scale bound reached #: lower = 0, upper = 0
    ill acceptance #: none = 0, all = 0
    acceptance NOT in range #: lower = 0, upper = 0, total = 0
- var.name: phi
    scale bound reached #: lower = 0, upper = 0
    ill acceptance #: none = 0, all = 0
    acceptance NOT in range #: lower = 745, upper = 1023, total = 1768
- b: rbind(curr.scale, curr.accept)
                 [,1]     [,2]     [,3]     [,4]     [,5]      [,6]     [,7]
curr.scale  0.6505037 1.723246 1.378597 2.154058 1.246561 0.5882014 1.196699
curr.accept 0.1400000 0.270000 0.220000 0.200000 0.260000 0.1300000 0.200000
                 [,8]     [,9]     [,10]    [,11]     [,12]    [,13]     [,14]
curr.scale  0.7658872 1.723246 0.5882014 1.654316 0.4705611 2.154058 0.8131296
curr.accept 0.2700000 0.180000 0.1800000 0.240000 0.3400000 0.350000 0.2500000
                [,15]     [,16]     [,17]    [,18]    [,19]
curr.scale  0.6127098 0.6648326 0.5882014 1.102878 1.723246
curr.accept 0.3300000 0.3100000 0.2600000 0.300000 0.390000
- var.name: b
    scale bound reached #: lower = 0, upper = 0
    ill acceptance #: none = 0, all = 0
    acceptance NOT in range #: lower = 4, upper = 5, total = 9
- var.name: p
    scale bound reached #: lower = 0, upper = 0
    ill acceptance #: none = 0, all = 0
    acceptance NOT in range #: lower = 0, upper = 0, total = 0
- var.name: phi
    scale bound reached #: lower = 0, upper = 0
    ill acceptance #: none = 0, all = 0
    acceptance NOT in range #: lower = 786, upper = 930, total = 1716
- b: rbind(curr.scale, curr.accept)
                 [,1]     [,2]     [,3]     [,4]     [,5]      [,6]     [,7]
curr.scale  0.5204029 1.723246 1.378597 1.723246 1.246561 0.4705611 0.957359
curr.accept 0.2200000 0.280000 0.160000 0.270000 0.290000 0.1900000 0.260000
                 [,8]     [,9]     [,10]    [,11]     [,12]    [,13]     [,14]
curr.scale  0.7658872 1.378597 0.4705611 1.654316 0.5646733 2.584869 0.8131296
curr.accept 0.3000000 0.220000 0.2600000 0.240000 0.2900000 0.270000 0.2000000
                [,15]     [,16]     [,17]    [,18]    [,19]
curr.scale  0.7352517 0.7977992 0.5882014 1.323453 2.067895
curr.accept 0.2300000 0.2100000 0.2800000 0.220000 0.370000
- var.name: b
    scale bound reached #: lower = 0, upper = 0
    ill acceptance #: none = 0, all = 0
    acceptance NOT in range #: lower = 2, upper = 1, total = 3
- var.name: p
    scale bound reached #: lower = 0, upper = 0
    ill acceptance #: none = 0, all = 0
    acceptance NOT in range #: lower = 1, upper = 0, total = 1
- var.name: phi
    scale bound reached #: lower = 0, upper = 0
    ill acceptance #: none = 0, all = 0
    acceptance NOT in range #: lower = 707, upper = 995, total = 1702
- b: rbind(curr.scale, curr.accept)
                 [,1]     [,2]     [,3]     [,4]     [,5]      [,6]     [,7]
curr.scale  0.5204029 1.723246 1.102878 1.723246 1.246561 0.3764489 0.957359
curr.accept 0.1900000 0.200000 0.280000 0.290000 0.230000 0.3500000 0.330000
                 [,8]     [,9]     [,10]    [,11]     [,12]    [,13]     [,14]
curr.scale  0.9190646 1.378597 0.4705611 1.654316 0.5646733 2.584869 0.6505037
curr.accept 0.2400000 0.360000 0.2200000 0.250000 0.3200000 0.290000 0.3400000
                [,15]     [,16]     [,17]    [,18]    [,19]
curr.scale  0.7352517 0.7977992 0.5882014 1.323453 2.481475
curr.accept 0.2800000 0.2700000 0.2800000 0.270000 0.190000
- var.name: b
    scale bound reached #: lower = 0, upper = 0
    ill acceptance #: none = 0, all = 0
    acceptance NOT in range #: lower = 2, upper = 5, total = 7
- var.name: p
    scale bound reached #: lower = 0, upper = 0
    ill acceptance #: none = 0, all = 0
    acceptance NOT in range #: lower = 0, upper = 1, total = 1
- var.name: phi
    scale bound reached #: lower = 0, upper = 0
    ill acceptance #: none = 0, all = 0
    acceptance NOT in range #: lower = 724, upper = 952, total = 1676
- b: rbind(curr.scale, curr.accept)
                 [,1]     [,2]     [,3]     [,4]     [,5]      [,6]     [,7]
curr.scale  0.4163223 1.378597 1.102878 1.723246 1.246561 0.4517386 1.148831
curr.accept 0.3100000 0.250000 0.200000 0.370000 0.310000 0.3700000 0.230000
                 [,8]     [,9]     [,10]    [,11]    [,12]    [,13]     [,14]
curr.scale  0.9190646 1.654316 0.4705611 1.654316 0.677608 2.584869 0.7806044
curr.accept 0.2300000 0.220000 0.2800000 0.270000 0.210000 0.260000 0.2400000
                [,15]     [,16]     [,17]    [,18]   [,19]
curr.scale  0.7352517 0.7977992 0.5882014 1.323453 1.98518
curr.accept 0.2300000 0.0800000 0.2800000 0.280000 0.34000
- var.name: b
    scale bound reached #: lower = 0, upper = 0
    ill acceptance #: none = 0, all = 0
    acceptance NOT in range #: lower = 1, upper = 5, total = 6
- var.name: p
    scale bound reached #: lower = 0, upper = 0
    ill acceptance #: none = 0, all = 0
    acceptance NOT in range #: lower = 0, upper = 0, total = 0
- var.name: phi
    scale bound reached #: lower = 0, upper = 0
    ill acceptance #: none = 0, all = 0
    acceptance NOT in range #: lower = 855, upper = 900, total = 1755
- b: rbind(curr.scale, curr.accept)
                 [,1]     [,2]      [,3]     [,4]     [,5]      [,6]     [,7]
curr.scale  0.4995868 1.378597 0.8823021 2.067895 1.495873 0.5420864 1.148831
curr.accept 0.2700000 0.420000 0.2900000 0.280000 0.120000 0.2000000 0.320000
                 [,8]     [,9]     [,10]    [,11]    [,12]    [,13]     [,14]
curr.scale  0.9190646 1.654316 0.4705611 1.654316 0.677608 2.584869 0.7806044
curr.accept 0.1700000 0.210000 0.2500000 0.250000 0.150000 0.210000 0.2600000
                [,15]     [,16]     [,17]    [,18]    [,19]
curr.scale  0.7352517 0.6382393 0.5882014 1.323453 2.382216
curr.accept 0.2300000 0.3800000 0.4100000 0.290000 0.190000
- var.name: b
    scale bound reached #: lower = 0, upper = 0
    ill acceptance #: none = 0, all = 0
    acceptance NOT in range #: lower = 4, upper = 4, total = 8
- var.name: p
    scale bound reached #: lower = 0, upper = 0
    ill acceptance #: none = 0, all = 0
    acceptance NOT in range #: lower = 0, upper = 0, total = 0
- var.name: phi
    scale bound reached #: lower = 0, upper = 0
    ill acceptance #: none = 0, all = 0
    acceptance NOT in range #: lower = 792, upper = 983, total = 1775
- b: rbind(curr.scale, curr.accept)
                 [,1]     [,2]      [,3]     [,4]     [,5]      [,6]     [,7]
curr.scale  0.4995868 1.654316 0.8823021 2.067895 1.196699 0.4336691 1.378597
curr.accept 0.2100000 0.350000 0.3400000 0.190000 0.280000 0.4300000 0.240000
                 [,8]     [,9]     [,10]    [,11]     [,12]    [,13]     [,14]
curr.scale  0.7352517 1.654316 0.4705611 1.654316 0.5420864 2.584869 0.7806044
curr.accept 0.2100000 0.280000 0.2400000 0.200000 0.2900000 0.270000 0.2400000
                [,15]     [,16]     [,17]    [,18]    [,19]
curr.scale  0.7352517 0.7658872 0.7058416 1.323453 1.905772
curr.accept 0.2600000 0.1700000 0.2300000 0.210000 0.260000
- var.name: b
    scale bound reached #: lower = 0, upper = 0
    ill acceptance #: none = 0, all = 0
    acceptance NOT in range #: lower = 2, upper = 3, total = 5
- var.name: p
    scale bound reached #: lower = 0, upper = 0
    ill acceptance #: none = 0, all = 0
    acceptance NOT in range #: lower = 0, upper = 0, total = 0
- var.name: phi
    scale bound reached #: lower = 0, upper = 0
    ill acceptance #: none = 0, all = 0
    acceptance NOT in range #: lower = 811, upper = 929, total = 1740
- b: rbind(curr.scale, curr.accept)
                 [,1]    [,2]     [,3]     [,4]     [,5]      [,6]     [,7]
curr.scale  0.4995868 1.98518 1.058762 1.654316 1.196699 0.5204029 1.378597
curr.accept 0.2600000 0.19000 0.280000 0.190000 0.200000 0.2700000 0.190000
                 [,8]     [,9]     [,10]    [,11]     [,12]    [,13]     [,14]
curr.scale  0.7352517 1.654316 0.4705611 1.323453 0.5420864 2.584869 0.7806044
curr.accept 0.3200000 0.250000 0.2600000 0.340000 0.2700000 0.320000 0.2200000
                [,15]     [,16]     [,17]    [,18]    [,19]
curr.scale  0.7352517 0.6127098 0.7058416 1.323453 1.905772
curr.accept 0.2000000 0.2900000 0.2500000 0.240000 0.270000
- var.name: b
    scale bound reached #: lower = 0, upper = 0
    ill acceptance #: none = 0, all = 0
    acceptance NOT in range #: lower = 3, upper = 3, total = 6
- var.name: p
    scale bound reached #: lower = 0, upper = 0
    ill acceptance #: none = 0, all = 0
    acceptance NOT in range #: lower = 0, upper = 0, total = 0
- var.name: phi
    scale bound reached #: lower = 0, upper = 0
    ill acceptance #: none = 0, all = 0
    acceptance NOT in range #: lower = 766, upper = 963, total = 1729
- b: rbind(curr.scale, curr.accept)
                 [,1]     [,2]     [,3]     [,4]     [,5]      [,6]     [,7]
curr.scale  0.4995868 1.588144 1.058762 1.323453 0.957359 0.5204029 1.102878
curr.accept 0.3300000 0.280000 0.280000 0.380000 0.280000 0.3100000 0.290000
                 [,8]     [,9]     [,10]    [,11]     [,12]    [,13]     [,14]
curr.scale  0.8823021 1.654316 0.4705611 1.588144 0.5420864 3.101843 0.7806044
curr.accept 0.2500000 0.250000 0.2500000 0.190000 0.3600000 0.190000 0.2400000
                [,15]     [,16]     [,17]    [,18]    [,19]
curr.scale  0.5882014 0.6127098 0.7058416 1.323453 1.905772
curr.accept 0.3200000 0.4100000 0.2600000 0.250000 0.240000
- var.name: b
    scale bound reached #: lower = 0, upper = 0
    ill acceptance #: none = 0, all = 0
    acceptance NOT in range #: lower = 2, upper = 6, total = 8
- var.name: p
    scale bound reached #: lower = 0, upper = 0
    ill acceptance #: none = 0, all = 0
    acceptance NOT in range #: lower = 0, upper = 0, total = 0
- var.name: phi
    scale bound reached #: lower = 0, upper = 0
    ill acceptance #: none = 0, all = 0
    acceptance NOT in range #: lower = 765, upper = 952, total = 1717
- b: rbind(curr.scale, curr.accept)
                 [,1]     [,2]     [,3]     [,4]     [,5]      [,6]     [,7]
curr.scale  0.5995042 1.588144 1.058762 1.588144 0.957359 0.6244835 1.102878
curr.accept 0.2000000 0.300000 0.290000 0.300000 0.370000 0.1600000 0.310000
                 [,8]     [,9]     [,10]    [,11]     [,12]    [,13]     [,14]
curr.scale  0.8823021 1.654316 0.4705611 1.270515 0.6505037 2.481475 0.7806044
curr.accept 0.2600000 0.220000 0.3700000 0.320000 0.2400000 0.290000 0.1700000
                [,15]     [,16]     [,17]    [,18]    [,19]
curr.scale  0.7058416 0.7352517 0.7058416 1.323453 1.905772
curr.accept 0.2600000 0.2600000 0.2700000 0.310000 0.320000
- var.name: b
    scale bound reached #: lower = 0, upper = 0
    ill acceptance #: none = 0, all = 0
    acceptance NOT in range #: lower = 2, upper = 6, total = 8
- var.name: p
    scale bound reached #: lower = 0, upper = 0
    ill acceptance #: none = 0, all = 0
    acceptance NOT in range #: lower = 0, upper = 1, total = 1
- var.name: phi
    scale bound reached #: lower = 0, upper = 0
    ill acceptance #: none = 0, all = 0
    acceptance NOT in range #: lower = 795, upper = 958, total = 1753
- b: rbind(curr.scale, curr.accept)
                 [,1]     [,2]     [,3]     [,4]     [,5]      [,6]     [,7]
curr.scale  0.4796033 1.905772 1.058762 1.905772 1.148831 0.4995868 1.323453
curr.accept 0.3000000 0.230000 0.240000 0.270000 0.230000 0.2000000 0.180000
                 [,8]     [,9]     [,10]    [,11]     [,12]    [,13]     [,14]
curr.scale  0.8823021 1.654316 0.5646733 1.524618 0.6505037 2.481475 0.6244835
curr.accept 0.2800000 0.350000 0.1900000 0.270000 0.2400000 0.220000 0.2900000
                [,15]     [,16]     [,17]    [,18]    [,19]
curr.scale  0.7058416 0.7352517 0.7058416 1.588144 2.286927
curr.accept 0.2400000 0.2700000 0.2400000 0.150000 0.180000
- var.name: b
    scale bound reached #: lower = 0, upper = 0
    ill acceptance #: none = 0, all = 0
    acceptance NOT in range #: lower = 4, upper = 1, total = 5
- var.name: p
    scale bound reached #: lower = 0, upper = 0
    ill acceptance #: none = 0, all = 0
    acceptance NOT in range #: lower = 0, upper = 0, total = 0
- var.name: phi
    scale bound reached #: lower = 0, upper = 0
    ill acceptance #: none = 0, all = 0
    acceptance NOT in range #: lower = 744, upper = 933, total = 1677
- b: rbind(curr.scale, curr.accept)
                [,1]     [,2]     [,3]     [,4]     [,5]      [,6]     [,7]
curr.scale  0.575524 1.905772 1.058762 1.905772 1.148831 0.3996694 1.058762
curr.accept 0.240000 0.320000 0.250000 0.250000 0.220000 0.3700000 0.290000
                 [,8]    [,9]     [,10]    [,11]     [,12]    [,13]     [,14]
curr.scale  0.8823021 1.98518 0.4517386 1.524618 0.6505037 2.481475 0.6244835
curr.accept 0.3200000 0.15000 0.3100000 0.290000 0.2400000 0.270000 0.3000000
                [,15]     [,16]     [,17]    [,18]    [,19]
curr.scale  0.7058416 0.7352517 0.7058416 1.270515 1.829542
curr.accept 0.3400000 0.1900000 0.2200000 0.210000 0.430000
- var.name: b
    scale bound reached #: lower = 0, upper = 0
    ill acceptance #: none = 0, all = 0
    acceptance NOT in range #: lower = 2, upper = 6, total = 8
- var.name: p
    scale bound reached #: lower = 0, upper = 0
    ill acceptance #: none = 0, all = 0
    acceptance NOT in range #: lower = 0, upper = 0, total = 0
- var.name: phi
    scale bound reached #: lower = 0, upper = 0
    ill acceptance #: none = 0, all = 0
    acceptance NOT in range #: lower = 777, upper = 970, total = 1747
- b: rbind(curr.scale, curr.accept)
                [,1]     [,2]     [,3]     [,4]     [,5]      [,6]     [,7]
curr.scale  0.575524 2.286927 1.058762 1.905772 1.148831 0.4796033 1.058762
curr.accept 0.260000 0.270000 0.270000 0.270000 0.230000 0.2400000 0.280000
                [,8]     [,9]     [,10]    [,11]     [,12]    [,13]     [,14]
curr.scale  1.058762 1.588144 0.5420864 1.524618 0.6505037 2.481475 0.7493802
curr.accept 0.250000 0.130000 0.1800000 0.230000 0.2000000 0.300000 0.2100000
              [,15]     [,16]     [,17]    [,18]   [,19]
curr.scale  0.84701 0.5882014 0.7058416 1.270515 2.19545
curr.accept 0.20000 0.2900000 0.2600000 0.270000 0.19000
- var.name: b
    scale bound reached #: lower = 0, upper = 0
    ill acceptance #: none = 0, all = 0
    acceptance NOT in range #: lower = 3, upper = 0, total = 3
- var.name: p
    scale bound reached #: lower = 0, upper = 0
    ill acceptance #: none = 0, all = 0
    acceptance NOT in range #: lower = 1, upper = 0, total = 1
- var.name: phi
    scale bound reached #: lower = 0, upper = 0
    ill acceptance #: none = 0, all = 0
    acceptance NOT in range #: lower = 811, upper = 1017, total = 1828
- b: rbind(curr.scale, curr.accept)
                [,1]     [,2]     [,3]     [,4]     [,5]      [,6]     [,7]
curr.scale  0.575524 2.286927 1.058762 1.905772 1.148831 0.4796033 1.058762
curr.accept 0.280000 0.330000 0.320000 0.210000 0.190000 0.2800000 0.320000
                [,8]     [,9]     [,10]    [,11]     [,12]    [,13]     [,14]
curr.scale  1.058762 1.270515 0.4336691 1.524618 0.5204029 2.977769 0.7493802
curr.accept 0.200000 0.290000 0.2800000 0.290000 0.3400000 0.180000 0.2000000
               [,15]     [,16]     [,17]    [,18]   [,19]
curr.scale  0.677608 0.5882014 0.7058416 1.270515 1.75636
curr.accept 0.300000 0.2800000 0.2400000 0.240000 0.38000
- var.name: b
    scale bound reached #: lower = 0, upper = 0
    ill acceptance #: none = 0, all = 0
    acceptance NOT in range #: lower = 2, upper = 5, total = 7
- var.name: p
    scale bound reached #: lower = 0, upper = 0
    ill acceptance #: none = 0, all = 0
    acceptance NOT in range #: lower = 0, upper = 0, total = 0
- var.name: phi
    scale bound reached #: lower = 0, upper = 0
    ill acceptance #: none = 0, all = 0
    acceptance NOT in range #: lower = 821, upper = 899, total = 1720
- b: rbind(curr.scale, curr.accept)
                [,1]     [,2]     [,3]     [,4]      [,5]      [,6]     [,7]
curr.scale  0.575524 2.744312 1.270515 1.905772 0.9190646 0.4796033 1.270515
curr.accept 0.310000 0.160000 0.350000 0.340000 0.2700000 0.3100000 0.290000
               [,8]     [,9]     [,10]    [,11]     [,12]    [,13]     [,14]
curr.scale  0.84701 1.270515 0.4336691 1.524618 0.6244835 2.382216 0.5995042
curr.accept 0.30000 0.300000 0.2700000 0.240000 0.3000000 0.260000 0.3600000
                [,15]     [,16]     [,17]    [,18]    [,19]
curr.scale  0.8131296 0.5882014 0.7058416 1.270515 2.107632
curr.accept 0.1900000 0.3300000 0.2300000 0.250000 0.230000
- var.name: b
    scale bound reached #: lower = 0, upper = 0
    ill acceptance #: none = 0, all = 0
    acceptance NOT in range #: lower = 2, upper = 6, total = 8
- var.name: p
    scale bound reached #: lower = 0, upper = 0
    ill acceptance #: none = 0, all = 0
    acceptance NOT in range #: lower = 0, upper = 0, total = 0
- var.name: phi
    scale bound reached #: lower = 0, upper = 0
    ill acceptance #: none = 0, all = 0
    acceptance NOT in range #: lower = 760, upper = 970, total = 1730
- b: rbind(curr.scale, curr.accept)
                 [,1]    [,2]     [,3]     [,4]      [,5]     [,6]     [,7]
curr.scale  0.6906288 2.19545 1.524618 2.286927 0.9190646 0.575524 1.270515
curr.accept 0.2300000 0.30000 0.260000 0.190000 0.3600000 0.350000 0.260000
                [,8]     [,9]     [,10]    [,11]     [,12]    [,13]    [,14]
curr.scale  1.016412 1.524618 0.4336691 1.524618 0.7493802 2.382216 0.719405
curr.accept 0.240000 0.230000 0.4000000 0.220000 0.2500000 0.200000 0.230000
                [,15]     [,16]     [,17]    [,18]    [,19]
curr.scale  0.6505037 0.7058416 0.7058416 1.270515 2.107632
curr.accept 0.3500000 0.3100000 0.2200000 0.340000 0.300000
- var.name: b
    scale bound reached #: lower = 0, upper = 0
    ill acceptance #: none = 0, all = 0
    acceptance NOT in range #: lower = 1, upper = 6, total = 7
- var.name: p
    scale bound reached #: lower = 0, upper = 0
    ill acceptance #: none = 0, all = 0
    acceptance NOT in range #: lower = 0, upper = 1, total = 1
- var.name: phi
    scale bound reached #: lower = 0, upper = 0
    ill acceptance #: none = 0, all = 0
    acceptance NOT in range #: lower = 899, upper = 849, total = 1748
- b: rbind(curr.scale, curr.accept)
                 [,1]    [,2]     [,3]     [,4]     [,5]      [,6]     [,7]
curr.scale  0.6906288 2.63454 1.524618 1.829542 1.102878 0.6906288 1.270515
curr.accept 0.2200000 0.25000 0.220000 0.390000 0.350000 0.2000000 0.250000
                [,8]     [,9]     [,10]    [,11]     [,12]    [,13]    [,14]
curr.scale  1.016412 1.524618 0.5204029 1.524618 0.7493802 1.905772 0.719405
curr.accept 0.250000 0.350000 0.2800000 0.230000 0.2500000 0.370000 0.330000
                [,15]   [,16]     [,17]    [,18]    [,19]
curr.scale  0.7806044 0.84701 0.7058416 1.524618 2.529158
curr.accept 0.2600000 0.20000 0.2000000 0.280000 0.220000
- var.name: b
    scale bound reached #: lower = 0, upper = 0
    ill acceptance #: none = 0, all = 0
    acceptance NOT in range #: lower = 0, upper = 5, total = 5
- var.name: p
    scale bound reached #: lower = 0, upper = 0
    ill acceptance #: none = 0, all = 0
    acceptance NOT in range #: lower = 1, upper = 0, total = 1
- var.name: phi
    scale bound reached #: lower = 0, upper = 0
    ill acceptance #: none = 0, all = 0
    acceptance NOT in range #: lower = 762, upper = 943, total = 1705
- b: rbind(curr.scale, curr.accept)
                 [,1]    [,2]     [,3]    [,4]     [,5]     [,6]     [,7]
curr.scale  0.6906288 2.63454 1.524618 2.19545 1.323453 0.552503 1.270515
curr.accept 0.2500000 0.20000 0.210000 0.22000 0.290000 0.260000 0.340000
                [,8]     [,9]     [,10]    [,11]     [,12]    [,13]    [,14]
curr.scale  1.016412 1.829542 0.5204029 1.524618 0.7493802 2.286927 0.863286
curr.accept 0.150000 0.230000 0.2600000 0.300000 0.2500000 0.310000 0.170000
                [,15]    [,16]     [,17]    [,18]    [,19]
curr.scale  0.7806044 0.677608 0.5646733 1.524618 2.529158
curr.accept 0.2400000 0.310000 0.2700000 0.280000 0.230000
- var.name: b
    scale bound reached #: lower = 0, upper = 0
    ill acceptance #: none = 0, all = 0
    acceptance NOT in range #: lower = 2, upper = 3, total = 5
- var.name: p
    scale bound reached #: lower = 0, upper = 0
    ill acceptance #: none = 0, all = 0
    acceptance NOT in range #: lower = 0, upper = 0, total = 0
- var.name: phi
    scale bound reached #: lower = 0, upper = 0
    ill acceptance #: none = 0, all = 0
    acceptance NOT in range #: lower = 953, upper = 823, total = 1776
- b: rbind(curr.scale, curr.accept)
                 [,1]     [,2]     [,3]    [,4]     [,5]     [,6]     [,7]
curr.scale  0.6906288 2.107632 1.524618 2.19545 1.323453 0.552503 1.524618
curr.accept 0.3200000 0.290000 0.230000 0.24000 0.250000 0.350000 0.150000
                 [,8]     [,9]     [,10]    [,11]     [,12]    [,13]     [,14]
curr.scale  0.8131296 1.829542 0.5204029 1.829542 0.7493802 2.744312 0.6906288
curr.accept 0.3100000 0.260000 0.2500000 0.290000 0.2300000 0.270000 0.2700000
                [,15]     [,16]     [,17]    [,18]    [,19]
curr.scale  0.7806044 0.8131296 0.5646733 1.524618 2.529158
curr.accept 0.2000000 0.2800000 0.3400000 0.270000 0.230000
- var.name: b
    scale bound reached #: lower = 0, upper = 0
    ill acceptance #: none = 0, all = 0
    acceptance NOT in range #: lower = 1, upper = 4, total = 5
- var.name: p
    scale bound reached #: lower = 0, upper = 0
    ill acceptance #: none = 0, all = 0
    acceptance NOT in range #: lower = 1, upper = 0, total = 1
- var.name: phi
    scale bound reached #: lower = 0, upper = 0
    ill acceptance #: none = 0, all = 0
    acceptance NOT in range #: lower = 726, upper = 980, total = 1706
- b: rbind(curr.scale, curr.accept)
                 [,1]     [,2]     [,3]    [,4]     [,5]      [,6]     [,7]
curr.scale  0.8287546 2.107632 1.524618 2.19545 1.323453 0.6630037 1.219694
curr.accept 0.1500000 0.210000 0.180000 0.17000 0.240000 0.2000000 0.340000
                 [,8]     [,9]     [,10]    [,11]     [,12]    [,13]     [,14]
curr.scale  0.9757555 1.829542 0.5204029 1.829542 0.7493802 2.744312 0.6906288
curr.accept 0.2300000 0.190000 0.3500000 0.170000 0.1900000 0.270000 0.2600000
                [,15]     [,16]    [,17]    [,18]    [,19]
curr.scale  0.6244835 0.8131296 0.677608 1.524618 2.529158
curr.accept 0.2800000 0.2300000 0.210000 0.230000 0.240000
- var.name: b
    scale bound reached #: lower = 0, upper = 0
    ill acceptance #: none = 0, all = 0
    acceptance NOT in range #: lower = 6, upper = 2, total = 8
- var.name: p
    scale bound reached #: lower = 0, upper = 0
    ill acceptance #: none = 0, all = 0
    acceptance NOT in range #: lower = 0, upper = 1, total = 1
- var.name: phi
    scale bound reached #: lower = 0, upper = 0
    ill acceptance #: none = 0, all = 0
    acceptance NOT in range #: lower = 781, upper = 941, total = 1722
- b: rbind(curr.scale, curr.accept)
                 [,1]     [,2]     [,3]    [,4]     [,5]      [,6]     [,7]
curr.scale  0.6630037 2.107632 1.219694 1.75636 1.323453 0.5304029 1.463633
curr.accept 0.1900000 0.240000 0.220000 0.36000 0.260000 0.2100000 0.230000
                 [,8]     [,9]     [,10]    [,11]     [,12]    [,13]     [,14]
curr.scale  0.9757555 1.463633 0.6244835 1.463633 0.5995042 2.744312 0.6906288
curr.accept 0.2400000 0.220000 0.2100000 0.280000 0.3300000 0.290000 0.2800000
                [,15]     [,16]    [,17]    [,18]    [,19]
curr.scale  0.6244835 0.8131296 0.677608 1.524618 2.529158
curr.accept 0.2100000 0.1700000 0.240000 0.340000 0.230000
- var.name: b
    scale bound reached #: lower = 0, upper = 0
    ill acceptance #: none = 0, all = 0
    acceptance NOT in range #: lower = 2, upper = 3, total = 5
- var.name: p
    scale bound reached #: lower = 0, upper = 0
    ill acceptance #: none = 0, all = 0
    acceptance NOT in range #: lower = 0, upper = 0, total = 0
- var.name: phi
    scale bound reached #: lower = 0, upper = 0
    ill acceptance #: none = 0, all = 0
    acceptance NOT in range #: lower = 690, upper = 1085, total = 1775
- b: rbind(curr.scale, curr.accept)
                 [,1]     [,2]     [,3]     [,4]     [,5]      [,6]     [,7]
curr.scale  0.5304029 2.107632 1.219694 2.107632 1.323453 0.5304029 1.463633
curr.accept 0.2800000 0.290000 0.240000 0.240000 0.290000 0.2400000 0.200000
                 [,8]     [,9]     [,10]    [,11]    [,12]    [,13]     [,14]
curr.scale  0.9757555 1.463633 0.6244835 1.463633 0.719405 2.744312 0.6906288
curr.accept 0.2400000 0.240000 0.1400000 0.290000 0.220000 0.220000 0.3200000
                [,15]     [,16]    [,17]    [,18]    [,19]
curr.scale  0.6244835 0.6505037 0.677608 1.829542 2.529158
curr.accept 0.3500000 0.2900000 0.240000 0.260000 0.230000
- var.name: b
    scale bound reached #: lower = 0, upper = 0
    ill acceptance #: none = 0, all = 0
    acceptance NOT in range #: lower = 1, upper = 2, total = 3
- var.name: p
    scale bound reached #: lower = 0, upper = 0
    ill acceptance #: none = 0, all = 0
    acceptance NOT in range #: lower = 0, upper = 0, total = 0
- var.name: phi
    scale bound reached #: lower = 0, upper = 0
    ill acceptance #: none = 0, all = 0
    acceptance NOT in range #: lower = 684, upper = 1097, total = 1781
- b: rbind(curr.scale, curr.accept)
                 [,1]     [,2]     [,3]     [,4]     [,5]      [,6]     [,7]
curr.scale  0.5304029 2.107632 1.219694 2.107632 1.323453 0.5304029 1.170907
curr.accept 0.1800000 0.250000 0.280000 0.230000 0.210000 0.2600000 0.340000
                 [,8]     [,9]     [,10]    [,11]    [,12]    [,13]     [,14]
curr.scale  0.9757555 1.463633 0.4995868 1.463633 0.719405 2.744312 0.8287546
curr.accept 0.2600000 0.260000 0.2000000 0.240000 0.180000 0.260000 0.2200000
                [,15]     [,16]    [,17]    [,18]    [,19]
curr.scale  0.7493802 0.6505037 0.677608 1.829542 2.529158
curr.accept 0.1700000 0.2600000 0.190000 0.210000 0.260000
- var.name: b
    scale bound reached #: lower = 0, upper = 0
    ill acceptance #: none = 0, all = 0
    acceptance NOT in range #: lower = 4, upper = 1, total = 5
- var.name: p
    scale bound reached #: lower = 0, upper = 0
    ill acceptance #: none = 0, all = 0
    acceptance NOT in range #: lower = 1, upper = 0, total = 1
- var.name: phi
    scale bound reached #: lower = 0, upper = 0
    ill acceptance #: none = 0, all = 0
    acceptance NOT in range #: lower = 701, upper = 1024, total = 1725
- b: rbind(curr.scale, curr.accept)
                 [,1]     [,2]     [,3]     [,4]     [,5]      [,6]     [,7]
curr.scale  0.4243223 2.107632 1.219694 2.107632 1.323453 0.5304029 1.405088
curr.accept 0.4200000 0.300000 0.260000 0.180000 0.350000 0.2400000 0.200000
                 [,8]     [,9]     [,10]    [,11]    [,12]    [,13]     [,14]
curr.scale  0.9757555 1.463633 0.3996694 1.463633 0.575524 2.744312 0.8287546
curr.accept 0.2400000 0.230000 0.2700000 0.210000 0.380000 0.160000 0.1600000
                [,15]     [,16]     [,17]    [,18]    [,19]
curr.scale  0.5995042 0.6505037 0.5420864 1.829542 2.529158
curr.accept 0.3400000 0.2600000 0.3100000 0.210000 0.260000
- var.name: b
    scale bound reached #: lower = 0, upper = 0
    ill acceptance #: none = 0, all = 0
    acceptance NOT in range #: lower = 3, upper = 5, total = 8
- var.name: p
    scale bound reached #: lower = 0, upper = 0
    ill acceptance #: none = 0, all = 0
    acceptance NOT in range #: lower = 0, upper = 0, total = 0
- var.name: phi
    scale bound reached #: lower = 0, upper = 0
    ill acceptance #: none = 0, all = 0
    acceptance NOT in range #: lower = 820, upper = 958, total = 1778
- b: rbind(curr.scale, curr.accept)
                 [,1]     [,2]     [,3]     [,4]     [,5]      [,6]    [,7]
curr.scale  0.5091868 2.529158 1.219694 1.686105 1.588144 0.5304029 1.12407
curr.accept 0.3200000 0.270000 0.190000 0.340000 0.270000 0.2500000 0.29000
                 [,8]     [,9]     [,10]    [,11]     [,12]   [,13]     [,14]
curr.scale  0.9757555 1.463633 0.3996694 1.463633 0.6906288 2.19545 0.6630037
curr.accept 0.2700000 0.320000 0.4400000 0.260000 0.2300000 0.32000 0.2700000
               [,15]     [,16]     [,17]    [,18]    [,19]
curr.scale  0.719405 0.6505037 0.6505037 1.829542 2.529158
curr.accept 0.200000 0.2500000 0.2600000 0.150000 0.150000
- var.name: b
    scale bound reached #: lower = 0, upper = 0
    ill acceptance #: none = 0, all = 0
    acceptance NOT in range #: lower = 3, upper = 5, total = 8
- var.name: p
    scale bound reached #: lower = 0, upper = 0
    ill acceptance #: none = 0, all = 0
    acceptance NOT in range #: lower = 1, upper = 1, total = 2
- var.name: phi
    scale bound reached #: lower = 0, upper = 0
    ill acceptance #: none = 0, all = 0
    acceptance NOT in range #: lower = 754, upper = 960, total = 1714
- b: rbind(curr.scale, curr.accept)
                 [,1]     [,2]      [,3]     [,4]     [,5]      [,6]    [,7]
curr.scale  0.6110242 2.529158 0.9757555 2.023327 1.588144 0.5304029 1.12407
curr.accept 0.2300000 0.190000 0.3000000 0.240000 0.200000 0.3100000 0.24000
                 [,8]    [,9]     [,10]    [,11]     [,12]   [,13]     [,14]
curr.scale  0.9757555 1.75636 0.4796033 1.463633 0.6906288 2.63454 0.6630037
curr.accept 0.2500000 0.17000 0.2900000 0.260000 0.2300000 0.29000 0.2800000
               [,15]     [,16]     [,17]    [,18]    [,19]
curr.scale  0.575524 0.6505037 0.6505037 1.463633 2.023327
curr.accept 0.410000 0.3500000 0.2600000 0.170000 0.270000
- var.name: b
    scale bound reached #: lower = 0, upper = 0
    ill acceptance #: none = 0, all = 0
    acceptance NOT in range #: lower = 3, upper = 3, total = 6
- var.name: p
    scale bound reached #: lower = 0, upper = 0
    ill acceptance #: none = 0, all = 0
    acceptance NOT in range #: lower = 0, upper = 0, total = 0
- var.name: phi
    scale bound reached #: lower = 0, upper = 0
    ill acceptance #: none = 0, all = 0
    acceptance NOT in range #: lower = 638, upper = 1070, total = 1708
- b: rbind(curr.scale, curr.accept)
                 [,1]     [,2]     [,3]     [,4]     [,5]      [,6]    [,7]
curr.scale  0.6110242 2.023327 1.170907 2.023327 1.270515 0.6364835 1.12407
curr.accept 0.2000000 0.260000 0.240000 0.200000 0.290000 0.1700000 0.22000
                 [,8]     [,9]     [,10]    [,11]     [,12]   [,13]     [,14]
curr.scale  0.9757555 1.405088 0.4796033 1.463633 0.6906288 2.63454 0.6630037
curr.accept 0.2200000 0.290000 0.3500000 0.280000 0.2400000 0.30000 0.2800000
                [,15]     [,16]     [,17]    [,18]    [,19]
curr.scale  0.6906288 0.7806044 0.6505037 1.170907 2.023327
curr.accept 0.2000000 0.2400000 0.2700000 0.340000 0.330000
- var.name: b
    scale bound reached #: lower = 0, upper = 0
    ill acceptance #: none = 0, all = 0
    acceptance NOT in range #: lower = 1, upper = 3, total = 4
- var.name: p
    scale bound reached #: lower = 0, upper = 0
    ill acceptance #: none = 0, all = 0
    acceptance NOT in range #: lower = 0, upper = 0, total = 0
- var.name: phi
    scale bound reached #: lower = 0, upper = 0
    ill acceptance #: none = 0, all = 0
    acceptance NOT in range #: lower = 707, upper = 1089, total = 1796
- b: rbind(curr.scale, curr.accept)
                 [,1]     [,2]     [,3]     [,4]     [,5]      [,6]    [,7]
curr.scale  0.4888193 2.023327 1.170907 1.618661 1.270515 0.5091868 1.12407
curr.accept 0.2400000 0.320000 0.240000 0.320000 0.260000 0.2800000 0.32000
                 [,8]     [,9]    [,10]    [,11]     [,12]    [,13]     [,14]
curr.scale  0.9757555 1.405088 0.575524 1.463633 0.6906288 3.161448 0.6630037
curr.accept 0.2300000 0.240000 0.240000 0.240000 0.2100000 0.200000 0.2300000
               [,15]     [,16]     [,17]    [,18]    [,19]
curr.scale  0.552503 0.7806044 0.6505037 1.405088 2.427992
curr.accept 0.410000 0.2300000 0.3300000 0.290000 0.220000
- var.name: b
    scale bound reached #: lower = 0, upper = 0
    ill acceptance #: none = 0, all = 0
    acceptance NOT in range #: lower = 0, upper = 5, total = 5
- var.name: p
    scale bound reached #: lower = 0, upper = 0
    ill acceptance #: none = 0, all = 0
    acceptance NOT in range #: lower = 0, upper = 0, total = 0
- var.name: phi
    scale bound reached #: lower = 0, upper = 0
    ill acceptance #: none = 0, all = 0
    acceptance NOT in range #: lower = 714, upper = 1094, total = 1808
- b: rbind(curr.scale, curr.accept)
                 [,1]     [,2]     [,3]     [,4]     [,5]      [,6]     [,7]
curr.scale  0.4888193 2.427992 1.170907 1.942394 1.270515 0.5091868 1.348884
curr.accept 0.2500000 0.220000 0.240000 0.190000 0.250000 0.2500000 0.270000
                 [,8]     [,9]    [,10]    [,11]     [,12]    [,13]     [,14]
curr.scale  0.9757555 1.405088 0.575524 1.463633 0.6906288 2.529158 0.6630037
curr.accept 0.3100000 0.330000 0.240000 0.290000 0.1800000 0.230000 0.2700000
                [,15]     [,16]     [,17]    [,18]    [,19]
curr.scale  0.6630037 0.7806044 0.7806044 1.405088 2.427992
curr.accept 0.2700000 0.1600000 0.2200000 0.240000 0.180000
- var.name: b
    scale bound reached #: lower = 0, upper = 0
    ill acceptance #: none = 0, all = 0
    acceptance NOT in range #: lower = 4, upper = 2, total = 6
- var.name: p
    scale bound reached #: lower = 0, upper = 0
    ill acceptance #: none = 0, all = 0
    acceptance NOT in range #: lower = 0, upper = 0, total = 0
- var.name: phi
    scale bound reached #: lower = 0, upper = 0
    ill acceptance #: none = 0, all = 0
    acceptance NOT in range #: lower = 761, upper = 1004, total = 1765
- b: rbind(curr.scale, curr.accept)
                 [,1]     [,2]     [,3]     [,4]     [,5]      [,6]     [,7]
curr.scale  0.4888193 2.427992 1.170907 1.553915 1.270515 0.5091868 1.348884
curr.accept 0.2700000 0.190000 0.300000 0.290000 0.240000 0.2600000 0.210000
                [,8]     [,9]    [,10]    [,11]    [,12]    [,13]     [,14]
curr.scale  1.170907 1.686105 0.575524 1.463633 0.552503 2.529158 0.6630037
curr.accept 0.160000 0.180000 0.180000 0.260000 0.330000 0.300000 0.3200000
                [,15]     [,16]     [,17]    [,18]    [,19]
curr.scale  0.6630037 0.6244835 0.7806044 1.405088 1.942394
curr.accept 0.3900000 0.2700000 0.2600000 0.210000 0.290000
- var.name: b
    scale bound reached #: lower = 0, upper = 0
    ill acceptance #: none = 0, all = 0
    acceptance NOT in range #: lower = 4, upper = 3, total = 7
- var.name: p
    scale bound reached #: lower = 0, upper = 0
    ill acceptance #: none = 0, all = 0
    acceptance NOT in range #: lower = 0, upper = 0, total = 0
- var.name: phi
    scale bound reached #: lower = 0, upper = 0
    ill acceptance #: none = 0, all = 0
    acceptance NOT in range #: lower = 760, upper = 1041, total = 1801
- b: rbind(curr.scale, curr.accept)
                 [,1]     [,2]     [,3]     [,4]     [,5]      [,6]     [,7]
curr.scale  0.4888193 1.942394 1.405088 1.553915 1.270515 0.5091868 1.348884
curr.accept 0.2600000 0.310000 0.150000 0.330000 0.240000 0.2200000 0.230000
                 [,8]     [,9]     [,10]    [,11]     [,12]   [,13]     [,14]
curr.scale  0.9367253 1.348884 0.4604192 1.463633 0.6630037 3.03499 0.7956044
curr.accept 0.1800000 0.220000 0.3100000 0.270000 0.2000000 0.21000 0.1500000
                [,15]     [,16]     [,17]    [,18]    [,19]
curr.scale  0.7956044 0.6244835 0.7806044 1.405088 1.942394
curr.accept 0.1800000 0.3100000 0.1400000 0.320000 0.340000
- var.name: b
    scale bound reached #: lower = 0, upper = 0
    ill acceptance #: none = 0, all = 0
    acceptance NOT in range #: lower = 5, upper = 6, total = 11
- var.name: p
    scale bound reached #: lower = 0, upper = 0
    ill acceptance #: none = 0, all = 0
    acceptance NOT in range #: lower = 0, upper = 0, total = 0
- var.name: phi
    scale bound reached #: lower = 0, upper = 0
    ill acceptance #: none = 0, all = 0
    acceptance NOT in range #: lower = 735, upper = 942, total = 1677
- var.name: b
    ill acceptance #: none = 0, all = 0
    last renew NOT in range #: lower = 5, upper = 6, total = 11
- var.name: p
    ill acceptance #: none = 0, all = 0
    last renew NOT in range #: lower = 0, upper = 0, total = 0
- var.name: phi
    ill acceptance #: none = 0, all = 0
    last renew NOT in range #: lower = 735, upper = 942, total = 1677
Geweke Z score after samples: 1501	-2.05733538751783	 test was performed on 750 samples
Elapsed time for 1 chains doing  iterations on 20 cores was 781.47 min
process results...
saving results...
finished at: 2015-06-11 06:28:26 
Loading required package: foreach
Loading required package: iterators
Loading required package: snow
Loading required package: lattice
===================================================================================
================================ START HEADER =====================================
===================================================================================
Function call:
Rscript run_nsef.r -c cubfits -s 0.5 1 2 4 -f ../jeremyYeast/Genome/jeremyYeastScaled.fasta -p ../jeremyYeast/jyeast.scaled.phi.tsv -o ../results/jeremyyeast/scaledphi/ -n jeremyyeastwithPhi -i wxobs_pinit.csv

MCMC parameters:
Number of samples between checks: 1500 
Min samples: 1500 
Max samples: 1500 
Reset QR until: 0 samples
Thining: store every 5 iteration as sample
Swap 0 % of b matrix
Swap b matrix if L1-norm is < 0 

Simulation parameters
Number of Cores 20 
Number of Chains: 1 
Parallel mode within chain: mclapply 
Samples used: 300 
First 0  AAs removed from sequence
Sequences with less than 0 AAs ignored
List of AAs taken into account:
	A C D E F G H I K L M N P Q R S T V W Y Z

Convergence criteria
Convergence test: Geweke
Convergence criterium: Z Score < 0.15 
% chain used at the begining: 0.1 
% chain used at the end: 0.5 
Use every 1 sample for convergence test

Called from: top level 
===================================================================================
================================= END HEADER ======================================
===================================================================================


started at: 2015-06-11 14:09:20 
using cubfits 
reading sequences from file ../jeremyYeast/Genome/jeremyYeastScaled.fasta 
Error in file(con, "r") : cannot open the connection
Calls: readGenome -> read.seq -> <Anonymous> -> readLines -> file
In addition: Warning message:
In file(con, "r") :
  cannot open file '../jeremyYeast/Genome/jeremyYeastScaled.fasta': No such file or directory
Execution halted
